0.020000	0.023000	0.030480
0.023000	0.021000	0.031145
0.028000	0.020000	0.034409
0.023000	0.018000	0.029206
0.021000	0.018000	0.027659
0.023000	0.020000	0.030480
0.023000	0.021000	0.031145
0.024000	0.023000	0.033242
0.027000	0.023000	0.035468
0.027000	0.021000	0.034205
0.024000	0.026000	0.035384
0.022000	0.016000	0.027203
0.020000	0.019000	0.027586
0.021000	0.018000	0.027659
0.065000	0.017000	0.067186
0.026000	0.018000	0.031623
0.020000	0.016000	0.025612
0.020000	0.020000	0.028284
0.018000	0.018000	0.025456
0.018000	0.020000	0.026907
0.021000	0.018000	0.027659
0.021000	0.018000	0.027659
0.029000	0.000000	0.029000
0.027000	0.026000	0.037483
0.022000	0.018000	0.028425
0.026000	0.023000	0.034713
0.198000	0.020000	0.199008
0.022000	0.018000	0.028425
0.020000	0.020000	0.028284
0.020000	0.024000	0.031241
0.020000	0.018000	0.026907
0.022000	0.021000	0.030414
0.022000	0.018000	0.028425
0.021000	0.020000	0.029000
0.020000	0.014000	0.024413
0.022000	0.020000	0.029732
0.021000	0.018000	0.027659
0.023000	0.023000	0.032527
0.023000	0.026000	0.034713
0.023000	0.020000	0.030480
0.023000	0.018000	0.029206
0.000000	0.031000	0.031000
0.023000	0.021000	0.031145
0.024000	0.026000	0.035384
0.021000	0.020000	0.029000
0.019000	0.018000	0.026173
0.019000	0.018000	0.026173
0.026000	0.021000	0.033422
0.018000	0.026000	0.031623
0.024000	0.023000	0.033242
0.023000	0.023000	0.032527
0.024000	0.021000	0.031890
0.022000	0.019000	0.029069
0.021000	0.019000	0.028320
0.023000	0.020000	0.030480
0.022000	0.017000	0.027803
0.023000	0.019000	0.029833
0.020000	0.020000	0.028284
0.018000	0.021000	0.027659
0.021000	0.016000	0.026401
0.024000	0.023000	0.033242
0.022000	0.020000	0.029732
0.022000	0.021000	0.030414
0.021000	0.017000	0.027019
0.020000	0.017000	0.026249
0.024000	0.020000	0.031241
0.022000	0.023000	0.031828
0.021000	0.016000	0.026401
0.029000	0.018000	0.034132
0.026000	0.027000	0.037483
0.020000	0.018000	0.026907
0.021000	0.021000	0.029698
0.021000	0.019000	0.028320
0.022000	0.023000	0.031828
0.019000	0.025000	0.031401
0.021000	0.022000	0.030414
0.019000	0.021000	0.028320
0.021000	0.018000	0.027659
0.026000	0.016000	0.030529
0.022000	0.018000	0.028425
0.023000	0.023000	0.032527
0.021000	0.022000	0.030414
0.023000	0.020000	0.030480
0.032000	0.026000	0.041231
0.026000	0.026000	0.036770
0.026000	0.018000	0.031623
0.023000	0.024000	0.033242
0.024000	0.018000	0.030000
0.023000	0.020000	0.030480
0.020000	0.017000	0.026249
0.024000	0.021000	0.031890
0.021000	0.021000	0.029698
0.020000	0.021000	0.029000
0.022000	0.020000	0.029732
0.020000	0.021000	0.029000
0.024000	0.020000	0.031241
0.024000	0.021000	0.031890
0.021000	0.017000	0.027019
0.023000	0.019000	0.029833
0.022000	0.022000	0.031113
0.020000	0.021000	0.029000
0.022000	0.018000	0.028425
0.020000	0.017000	0.026249
0.019000	0.021000	0.028320
0.022000	0.021000	0.030414
0.029000	0.020000	0.035228
0.025000	0.017000	0.030232
0.023000	0.025000	0.033971
0.021000	0.018000	0.027659
0.022000	0.019000	0.029069
0.024000	0.018000	0.030000
0.018000	0.016000	0.024083
0.023000	0.018000	0.029206
0.024000	0.022000	0.032558
0.021000	0.017000	0.027019
0.019000	0.016000	0.024839
0.020000	0.017000	0.026249
0.023000	0.021000	0.031145
0.026000	0.021000	0.033422
0.018000	0.016000	0.024083
0.021000	0.020000	0.029000
0.020000	0.020000	0.028284
0.019000	0.016000	0.024839
0.023000	0.020000	0.030480
0.021000	0.018000	0.027659
0.024000	0.018000	0.030000
0.023000	0.020000	0.030480
0.023000	0.026000	0.034713
0.027000	0.023000	0.035468
0.032000	0.026000	0.041231
0.030000	0.023000	0.037802
0.026000	0.021000	0.033422
0.021000	0.020000	0.029000
0.024000	0.024000	0.033941
0.022000	0.018000	0.028425
0.024000	0.018000	0.030000
0.026000	0.026000	0.036770
0.020000	0.018000	0.026907
0.027000	0.023000	0.035468
0.024000	0.026000	0.035384
0.026000	0.024000	0.035384
0.037000	0.029000	0.047011
0.029000	0.027000	0.039623
0.023000	0.015000	0.027459
0.026000	0.024000	0.035384
0.024000	0.026000	0.035384
0.027000	0.023000	0.035468
0.019000	0.020000	0.027586
0.026000	0.018000	0.031623
0.023000	0.026000	0.034713
0.020000	0.021000	0.029000
0.022000	0.020000	0.029732
0.020000	0.022000	0.029732
0.021000	0.017000	0.027019
0.017000	0.021000	0.027019
0.019000	0.021000	0.028320
0.030000	0.024000	0.038419
0.022000	0.018000	0.028425
0.023000	0.021000	0.031145
0.024000	0.024000	0.033941
0.024000	0.022000	0.032558
0.021000	0.018000	0.027659
0.021000	0.022000	0.030414
0.023000	0.024000	0.033242
0.021000	0.019000	0.028320
0.024000	0.020000	0.031241
0.024000	0.018000	0.030000
0.029000	0.017000	0.033615
0.021000	0.020000	0.029000
0.019000	0.017000	0.025495
0.021000	0.017000	0.027019
0.019000	0.021000	0.028320
0.026000	0.020000	0.032802
0.019000	0.017000	0.025495
0.020000	0.018000	0.026907
0.020000	0.021000	0.029000
0.029000	0.017000	0.033615
0.018000	0.033000	0.037590
0.023000	0.033000	0.040224
0.026000	0.017000	0.031064
0.024000	0.020000	0.031241
0.026000	0.023000	0.034713
0.021000	0.017000	0.027019
0.020000	0.019000	0.027586
0.027000	0.017000	0.031906
0.034000	0.016000	0.037577
0.022000	0.021000	0.030414
0.022000	0.017000	0.027803
0.021000	0.017000	0.027019
0.023000	0.017000	0.028601
0.022000	0.020000	0.029732
0.020000	0.019000	0.027586
0.020000	0.023000	0.030480
0.030000	0.030000	0.042426
0.022000	0.019000	0.029069
0.020000	0.017000	0.026249
0.021000	0.023000	0.031145
0.022000	0.019000	0.029069
0.021000	0.022000	0.030414
0.020000	0.018000	0.026907
0.021000	0.018000	0.027659
0.022000	0.019000	0.029069
0.022000	0.018000	0.028425
0.021000	0.017000	0.027019
0.020000	0.017000	0.026249
0.018000	0.017000	0.024759
0.025000	0.019000	0.031401
0.022000	0.018000	0.028425
0.019000	0.016000	0.024839
0.021000	0.017000	0.027019
0.023000	0.017000	0.028601
0.021000	0.017000	0.027019
0.037000	0.020000	0.042059
0.021000	0.023000	0.031145
0.023000	0.017000	0.028601
0.020000	0.019000	0.027586
0.027000	0.023000	0.035468
0.020000	0.018000	0.026907
0.021000	0.019000	0.028320
0.020000	0.016000	0.025612
0.021000	0.018000	0.027659
0.023000	0.016000	0.028018
0.021000	0.018000	0.027659
0.246000	0.204000	0.319581
0.018000	0.020000	0.026907
0.037000	0.015000	0.039925
0.029000	0.024000	0.037643
0.018000	0.018000	0.025456
0.018000	0.016000	0.024083
0.021000	0.018000	0.027659
0.021000	0.017000	0.027019
0.048000	0.016000	0.050596
0.027000	0.018000	0.032450
0.022000	0.018000	0.028425
0.021000	0.027000	0.034205
0.021000	0.019000	0.028320
0.023000	0.024000	0.033242
0.020000	0.020000	0.028284
0.021000	0.016000	0.026401
0.023000	0.018000	0.029206
0.021000	0.017000	0.027019
0.022000	0.017000	0.027803
0.021000	0.021000	0.029698
0.024000	0.019000	0.030610
0.023000	0.017000	0.028601
0.026000	0.019000	0.032202
0.024000	0.018000	0.030000
0.021000	0.022000	0.030414
0.022000	0.017000	0.027803
0.021000	0.018000	0.027659
0.021000	0.017000	0.027019
0.018000	0.018000	0.025456
0.020000	0.018000	0.026907
0.248000	0.228000	0.336880
0.020000	0.017000	0.026249
0.021000	0.019000	0.028320
0.020000	0.019000	0.027586
0.022000	0.017000	0.027803
0.019000	0.016000	0.024839
0.024000	0.020000	0.031241
0.022000	0.018000	0.028425
0.020000	0.021000	0.029000
0.023000	0.018000	0.029206
0.021000	0.016000	0.026401
0.018000	0.017000	0.024759
0.021000	0.018000	0.027659
0.022000	0.017000	0.027803
0.020000	0.018000	0.026907
0.023000	0.021000	0.031145
0.021000	0.018000	0.027659
0.021000	0.017000	0.027019
0.022000	0.018000	0.028425
0.024000	0.022000	0.032558
0.268000	0.020000	0.268745
0.024000	0.020000	0.031241
0.021000	0.018000	0.027659
0.018000	0.017000	0.024759
0.021000	0.020000	0.029000
0.023000	0.020000	0.030480
0.021000	0.019000	0.028320
0.018000	0.018000	0.025456
0.026000	0.023000	0.034713
0.022000	0.018000	0.028425
0.019000	0.018000	0.026173
0.022000	0.018000	0.028425
0.027000	0.016000	0.031385
0.020000	0.020000	0.028284
0.022000	0.019000	0.029069
0.022000	0.020000	0.029732
0.027000	0.026000	0.037483
0.023000	0.021000	0.031145
0.020000	0.020000	0.028284
0.037000	0.016000	0.040311
0.023000	0.016000	0.028018
0.023000	0.029000	0.037014
0.022000	0.018000	0.028425
0.026000	0.026000	0.036770
0.022000	0.018000	0.028425
0.023000	0.020000	0.030480
0.022000	0.018000	0.028425
0.021000	0.017000	0.027019
0.284000	0.470000	0.549141
0.250000	0.016000	0.250511
0.020000	0.018000	0.026907
0.316000	0.029000	0.317328
0.023000	0.021000	0.031145
0.024000	0.023000	0.033242
0.020000	0.019000	0.027586
0.022000	0.018000	0.028425
0.020000	0.021000	0.029000
0.022000	0.018000	0.028425
0.023000	0.018000	0.029206
0.018000	0.017000	0.024759
0.030000	0.021000	0.036620
0.022000	0.022000	0.031113
0.018000	0.021000	0.027659
0.023000	0.018000	0.029206
0.250000	0.348000	0.428490
0.019000	0.021000	0.028320
0.252000	0.236000	0.345254
0.021000	0.017000	0.027019
0.052000	0.027000	0.058592
0.023000	0.021000	0.031145
0.018000	0.024000	0.030000
0.020000	0.023000	0.030480
0.039000	0.020000	0.043829
0.041000	0.031000	0.051400
0.022000	0.022000	0.031113
0.037000	0.041000	0.055227
0.019000	0.024000	0.030610
0.023000	0.020000	0.030480
0.029000	0.023000	0.037014
0.018000	0.024000	0.030000
0.021000	0.019000	0.028320
0.023000	0.024000	0.033242
0.029000	0.017000	0.033615
0.018000	0.017000	0.024759
0.030000	0.020000	0.036056
0.032000	0.018000	0.036715
0.026000	0.018000	0.031623
0.020000	0.019000	0.027586
0.017000	0.018000	0.024759
0.022000	0.020000	0.029732
0.027000	0.021000	0.034205
0.032000	0.026000	0.041231
0.026000	0.019000	0.032202
0.026000	0.023000	0.034713
0.021000	0.026000	0.033422
0.230000	0.218000	0.316897
0.284000	0.254000	0.381014
0.023000	0.016000	0.028018
0.206000	0.264000	0.334861
0.024000	0.020000	0.031241
0.198000	0.033000	0.200731
0.023000	0.021000	0.031145
0.026000	0.020000	0.032802
0.026000	0.019000	0.032202
0.021000	0.019000	0.028320
0.021000	0.026000	0.033422
0.021000	0.018000	0.027659
0.024000	0.020000	0.031241
0.027000	0.020000	0.033601
0.026000	0.020000	0.032802
0.029000	0.023000	0.037014
0.021000	0.029000	0.035805
0.024000	0.021000	0.031890
0.024000	0.027000	0.036125
0.021000	0.020000	0.029000
0.019000	0.016000	0.024839
0.022000	0.019000	0.029069
0.023000	0.022000	0.031828
0.024000	0.024000	0.033941
0.021000	0.020000	0.029000
0.022000	0.025000	0.033302
0.037000	0.018000	0.041146
0.021000	0.017000	0.027019
0.024000	0.023000	0.033242
0.024000	0.022000	0.032558
0.224000	0.036000	0.226874
0.019000	0.018000	0.026173
0.034000	0.018000	0.038471
0.312000	0.017000	0.312463
0.023000	0.024000	0.033242
0.242000	0.023000	0.243091
0.023000	0.017000	0.028601
0.026000	0.018000	0.031623
0.023000	0.018000	0.029206
0.023000	0.020000	0.030480
0.022000	0.018000	0.028425
0.034000	0.020000	0.039446
0.021000	0.020000	0.029000
0.021000	0.021000	0.029698
0.022000	0.023000	0.031828
0.020000	0.023000	0.030480
0.029000	0.024000	0.037643
0.024000	0.024000	0.033941
0.024000	0.019000	0.030610
0.020000	0.021000	0.029000
0.020000	0.020000	0.028284
0.029000	0.026000	0.038949
0.019000	0.016000	0.024839
0.023000	0.024000	0.033242
0.024000	0.021000	0.031890
0.021000	0.018000	0.027659
0.021000	0.017000	0.027019
0.026000	0.020000	0.032802
0.022000	0.018000	0.028425
0.027000	0.019000	0.033015
0.027000	0.019000	0.033015
0.024000	0.034000	0.041617
0.021000	0.021000	0.029698
0.021000	0.019000	0.028320
0.021000	0.016000	0.026401
0.019000	0.026000	0.032202
0.021000	0.018000	0.027659
0.026000	0.028000	0.038210
0.041000	0.021000	0.046065
0.020000	0.026000	0.032802
0.021000	0.019000	0.028320
0.022000	0.018000	0.028425
0.023000	0.026000	0.034713
0.021000	0.024000	0.031890
0.021000	0.023000	0.031145
0.020000	0.020000	0.028284
0.020000	0.023000	0.030480
0.262000	0.036000	0.264462
0.020000	0.018000	0.026907
0.020000	0.019000	0.027586
0.026000	0.024000	0.035384
0.021000	0.018000	0.027659
0.023000	0.029000	0.037014
0.021000	0.026000	0.033422
0.018000	0.026000	0.031623
0.021000	0.021000	0.029698
0.030000	0.021000	0.036620
0.029000	0.024000	0.037643
0.021000	0.020000	0.029000
0.021000	0.020000	0.029000
0.021000	0.018000	0.027659
0.022000	0.018000	0.028425
0.026000	0.019000	0.032202
0.022000	0.018000	0.028425
0.021000	0.020000	0.029000
0.022000	0.018000	0.028425
0.022000	0.020000	0.029732
0.058000	0.026000	0.063561
0.022000	0.023000	0.031828
0.018000	0.015000	0.023431
0.037000	0.020000	0.042059
0.022000	0.020000	0.029732
0.023000	0.020000	0.030480
0.022000	0.020000	0.029732
0.020000	0.021000	0.029000
0.023000	0.023000	0.032527
0.022000	0.021000	0.030414
0.022000	0.018000	0.028425
0.020000	0.020000	0.028284
0.024000	0.018000	0.030000
0.024000	0.020000	0.031241
0.023000	0.018000	0.029206
0.021000	0.021000	0.029698
0.024000	0.021000	0.031890
0.024000	0.024000	0.033941
0.029000	0.029000	0.041012
0.364000	0.018000	0.364445
0.258000	0.334000	0.422043
0.021000	0.020000	0.029000
0.021000	0.020000	0.029000
0.027000	0.023000	0.035468
0.022000	0.018000	0.028425
0.021000	0.023000	0.031145
0.020000	0.020000	0.028284
0.037000	0.021000	0.042544
0.254000	0.020000	0.254786
0.294000	0.036000	0.296196
0.023000	0.019000	0.029833
0.023000	0.018000	0.029206
0.023000	0.021000	0.031145
0.021000	0.023000	0.031145
0.022000	0.017000	0.027803
0.020000	0.017000	0.026249
0.026000	0.024000	0.035384
0.021000	0.025000	0.032650
0.020000	0.020000	0.028284
0.023000	0.021000	0.031145
0.021000	0.022000	0.030414
0.026000	0.023000	0.034713
0.021000	0.016000	0.026401
0.021000	0.022000	0.030414
0.023000	0.017000	0.028601
0.024000	0.024000	0.033941
0.022000	0.022000	0.031113
0.021000	0.021000	0.029698
0.019000	0.018000	0.026173
0.021000	0.016000	0.026401
0.021000	0.021000	0.029698
0.022000	0.020000	0.029732
0.027000	0.021000	0.034205
0.022000	0.025000	0.033302
0.022000	0.017000	0.027803
0.021000	0.018000	0.027659
0.024000	0.022000	0.032558
0.025000	0.020000	0.032016
0.027000	0.019000	0.033015
0.025000	0.019000	0.031401
0.020000	0.017000	0.026249
0.020000	0.016000	0.025612
0.026000	0.026000	0.036770
0.020000	0.016000	0.025612
0.023000	0.018000	0.029206
0.248000	0.020000	0.248805
0.021000	0.018000	0.027659
0.020000	0.018000	0.026907
0.026000	0.020000	0.032802
0.023000	0.021000	0.031145
0.026000	0.021000	0.033422
0.021000	0.018000	0.027659
0.018000	0.020000	0.026907
0.021000	0.021000	0.029698
0.023000	0.020000	0.030480
0.018000	0.020000	0.026907
0.022000	0.018000	0.028425
0.026000	0.033000	0.042012
0.018000	0.020000	0.026907
0.026000	0.023000	0.034713
0.037000	0.024000	0.044102
0.020000	0.017000	0.026249
0.026000	0.020000	0.032802
0.023000	0.021000	0.031145
0.027000	0.021000	0.034205
0.022000	0.017000	0.027803
0.027000	0.023000	0.035468
0.036000	0.025000	0.043829
0.023000	0.026000	0.034713
0.021000	0.020000	0.029000
0.039000	0.033000	0.051088
0.026000	0.017000	0.031064
0.022000	0.020000	0.029732
0.019000	0.018000	0.026173
0.022000	0.020000	0.029732
0.018000	0.027000	0.032450
0.021000	0.018000	0.027659
0.023000	0.022000	0.031828
0.021000	0.018000	0.027659
0.026000	0.023000	0.034713
0.021000	0.019000	0.028320
0.021000	0.022000	0.030414
0.024000	0.017000	0.029411
0.020000	0.019000	0.027586
0.023000	0.018000	0.029206
0.029000	0.021000	0.035805
0.026000	0.018000	0.031623
0.024000	0.026000	0.035384
0.024000	0.018000	0.030000
0.024000	0.017000	0.029411
0.027000	0.038000	0.046615
0.022000	0.019000	0.029069
0.021000	0.016000	0.026401
0.021000	0.017000	0.027019
0.020000	0.018000	0.026907
0.021000	0.022000	0.030414
0.020000	0.021000	0.029000
0.020000	0.016000	0.025612
0.021000	0.017000	0.027019
0.018000	0.020000	0.026907
0.027000	0.020000	0.033601
0.021000	0.020000	0.029000
0.029000	0.016000	0.033121
0.024000	0.023000	0.033242
0.027000	0.020000	0.033601
0.030000	0.016000	0.034000
0.022000	0.020000	0.029732
0.264000	0.016000	0.264484
0.032000	0.021000	0.038275
0.024000	0.015000	0.028302
0.020000	0.018000	0.026907
0.029000	0.015000	0.032650
0.023000	0.018000	0.029206
0.027000	0.020000	0.033601
0.021000	0.022000	0.030414
0.020000	0.017000	0.026249
0.029000	0.018000	0.034132
0.023000	0.026000	0.034713
0.023000	0.021000	0.031145
0.026000	0.022000	0.034059
0.021000	0.017000	0.027019
0.026000	0.018000	0.031623
0.021000	0.018000	0.027659
0.022000	0.023000	0.031828
0.020000	0.018000	0.026907
0.021000	0.019000	0.028320
0.023000	0.023000	0.032527
0.022000	0.017000	0.027803
0.026000	0.017000	0.031064
0.021000	0.018000	0.027659
0.023000	0.021000	0.031145
0.026000	0.019000	0.032202
0.019000	0.017000	0.025495
0.026000	0.022000	0.034059
0.021000	0.018000	0.027659
0.022000	0.023000	0.031828
0.022000	0.021000	0.030414
0.023000	0.017000	0.028601
0.024000	0.026000	0.035384
0.023000	0.016000	0.028018
0.030000	0.027000	0.040361
0.024000	0.022000	0.032558
0.024000	0.016000	0.028844
0.030000	0.029000	0.041725
0.021000	0.023000	0.031145
0.023000	0.022000	0.031828
0.024000	0.021000	0.031890
0.023000	0.026000	0.034713
0.022000	0.020000	0.029732
0.022000	0.019000	0.029069
0.021000	0.018000	0.027659
0.023000	0.017000	0.028601
0.024000	0.021000	0.031890
0.021000	0.020000	0.029000
0.021000	0.024000	0.031890
0.021000	0.019000	0.028320
0.320000	0.021000	0.320688
0.023000	0.020000	0.030480
0.022000	0.017000	0.027803
0.032000	0.027000	0.041869
0.024000	0.021000	0.031890
0.021000	0.020000	0.029000
0.026000	0.020000	0.032802
0.020000	0.020000	0.028284
0.027000	0.021000	0.034205
0.018000	0.017000	0.024759
0.027000	0.019000	0.033015
0.032000	0.023000	0.039408
0.022000	0.017000	0.027803
0.024000	0.017000	0.029411
0.024000	0.018000	0.030000
0.022000	0.017000	0.027803
0.026000	0.023000	0.034713
0.024000	0.020000	0.031241
0.019000	0.016000	0.024839
0.020000	0.017000	0.026249
0.022000	0.022000	0.031113
0.027000	0.021000	0.034205
0.024000	0.025000	0.034655
0.022000	0.026000	0.034059
0.027000	0.020000	0.033601
0.026000	0.018000	0.031623
0.018000	0.017000	0.024759
0.041000	0.034000	0.053263
0.024000	0.019000	0.030610
0.026000	0.029000	0.038949
0.021000	0.018000	0.027659
0.029000	0.030000	0.041725
0.022000	0.017000	0.027803
0.024000	0.023000	0.033242
0.023000	0.018000	0.029206
0.027000	0.033000	0.042638
0.022000	0.018000	0.028425
0.026000	0.023000	0.034713
0.024000	0.022000	0.032558
0.026000	0.023000	0.034713
0.022000	0.018000	0.028425
0.024000	0.024000	0.033941
0.023000	0.021000	0.031145
0.024000	0.023000	0.033242
0.026000	0.023000	0.034713
0.022000	0.017000	0.027803
0.024000	0.019000	0.030610
0.021000	0.017000	0.027019
0.022000	0.018000	0.028425
0.019000	0.019000	0.026870
0.023000	0.020000	0.030480
0.024000	0.019000	0.030610
0.020000	0.018000	0.026907
0.022000	0.019000	0.029069
0.029000	0.027000	0.039623
0.023000	0.022000	0.031828
0.023000	0.022000	0.031828
0.019000	0.018000	0.026173
0.026000	0.022000	0.034059
0.019000	0.024000	0.030610
0.022000	0.023000	0.031828
0.027000	0.021000	0.034205
0.024000	0.019000	0.030610
0.020000	0.029000	0.035228
0.023000	0.021000	0.031145
0.023000	0.018000	0.029206
0.024000	0.017000	0.029411
0.026000	0.025000	0.036069
0.025000	0.022000	0.033302
0.021000	0.018000	0.027659
0.021000	0.019000	0.028320
0.021000	0.021000	0.029698
0.021000	0.022000	0.030414
0.024000	0.018000	0.030000
0.027000	0.018000	0.032450
0.022000	0.017000	0.027803
0.019000	0.017000	0.025495
0.021000	0.023000	0.031145
0.022000	0.018000	0.028425
0.024000	0.023000	0.033242
0.020000	0.018000	0.026907
0.022000	0.020000	0.029732
0.026000	0.023000	0.034713
0.021000	0.017000	0.027019
0.024000	0.026000	0.035384
0.023000	0.020000	0.030480
0.030000	0.019000	0.035511
0.021000	0.018000	0.027659
0.021000	0.027000	0.034205
0.022000	0.018000	0.028425
0.029000	0.033000	0.043932
0.024000	0.024000	0.033941
0.026000	0.025000	0.036069
0.021000	0.019000	0.028320
0.023000	0.018000	0.029206
0.021000	0.018000	0.027659
0.029000	0.025000	0.038288
0.021000	0.020000	0.029000
0.022000	0.023000	0.031828
0.026000	0.023000	0.034713
0.023000	0.023000	0.032527
0.022000	0.021000	0.030414
0.025000	0.033000	0.041400
0.023000	0.023000	0.032527
0.026000	0.024000	0.035384
0.030000	0.030000	0.042426
0.024000	0.026000	0.035384
0.021000	0.023000	0.031145
0.022000	0.022000	0.031113
0.020000	0.022000	0.029732
0.022000	0.022000	0.031113
0.022000	0.021000	0.030414
0.027000	0.022000	0.034828
0.022000	0.021000	0.030414
0.024000	0.024000	0.033941
0.025000	0.022000	0.033302
0.022000	0.020000	0.029732
0.023000	0.022000	0.031828
0.024000	0.022000	0.032558
0.022000	0.018000	0.028425
0.025000	0.025000	0.035355
0.023000	0.022000	0.031828
0.023000	0.023000	0.032527
0.023000	0.023000	0.032527
0.021000	0.017000	0.027019
0.021000	0.020000	0.029000
0.024000	0.027000	0.036125
0.029000	0.025000	0.038288
0.026000	0.028000	0.038210
0.024000	0.019000	0.030610
0.036000	0.025000	0.043829
0.024000	0.018000	0.030000
0.023000	0.023000	0.032527
0.023000	0.030000	0.037802
0.024000	0.026000	0.035384
0.024000	0.021000	0.031890
0.023000	0.019000	0.029833
0.024000	0.026000	0.035384
0.023000	0.018000	0.029206
0.021000	0.017000	0.027019
0.023000	0.018000	0.029206
0.021000	0.019000	0.028320
0.020000	0.018000	0.026907
0.021000	0.020000	0.029000
0.022000	0.021000	0.030414
0.024000	0.027000	0.036125
0.023000	0.025000	0.033971
0.021000	0.022000	0.030414
0.021000	0.018000	0.027659
0.025000	0.026000	0.036069
0.030000	0.031000	0.043139
