0.029000	0.018000	0.034132
0.014000	0.010000	0.017205
0.018000	0.012000	0.021633
0.019000	0.014000	0.023601
0.064000	0.032000	0.071554
0.026000	0.016000	0.030529
0.014000	0.009000	0.016643
0.075000	0.035000	0.082765
0.039000	0.024000	0.045793
0.020000	0.014000	0.024413
0.067000	0.043000	0.079612
0.024000	0.017000	0.029411
0.022000	0.017000	0.027803
0.015000	0.010000	0.018028
0.017000	0.013000	0.021401
0.016000	0.011000	0.019416
0.015000	0.010000	0.018028
0.026000	0.017000	0.031064
0.022000	0.016000	0.027203
0.023000	0.016000	0.028018
0.014000	0.009000	0.016643
0.015000	0.010000	0.018028
0.016000	0.011000	0.019416
0.014000	0.009000	0.016643
0.015000	0.010000	0.018028
0.015000	0.010000	0.018028
0.015000	0.010000	0.018028
0.028000	0.020000	0.034409
0.016000	0.011000	0.019416
0.039000	0.025000	0.046325
0.014000	0.009000	0.016643
0.017000	0.011000	0.020248
0.073000	0.039000	0.082765
0.015000	0.010000	0.018028
0.014000	0.009000	0.016643
0.014000	0.009000	0.016643
0.019000	0.014000	0.023601
0.016000	0.011000	0.019416
0.018000	0.012000	0.021633
0.044000	0.025000	0.050606
0.014000	0.009000	0.016643
0.014000	0.009000	0.016643
0.018000	0.013000	0.022204
0.015000	0.011000	0.018601
0.030000	0.021000	0.036620
0.032000	0.022000	0.038833
0.032000	0.021000	0.038275
0.014000	0.009000	0.016643
0.014000	0.009000	0.016643
0.015000	0.010000	0.018028
0.025000	0.018000	0.030806
0.017000	0.012000	0.020809
0.015000	0.010000	0.018028
0.016000	0.010000	0.018868
0.018000	0.013000	0.022204
0.017000	0.011000	0.020248
0.077000	0.042000	0.087710
0.034000	0.025000	0.042202
0.014000	0.009000	0.016643
0.031000	0.019000	0.036359
0.017000	0.012000	0.020809
0.017000	0.012000	0.020809
0.015000	0.010000	0.018028
0.024000	0.016000	0.028844
0.015000	0.010000	0.018028
0.050000	0.029000	0.057801
0.014000	0.009000	0.016643
0.026000	0.017000	0.031064
0.028000	0.019000	0.033838
0.014000	0.010000	0.017205
0.017000	0.012000	0.020809
