0.025000	0.017000	0.030232
0.013000	0.014000	0.019105
0.019000	0.016000	0.024839
0.022000	0.021000	0.030414
0.019000	0.016000	0.024839
0.019000	0.015000	0.024207
0.019000	0.016000	0.024839
0.015000	0.031000	0.034438
0.023000	0.016000	0.028018
0.018000	0.018000	0.025456
0.022000	0.023000	0.031828
0.018000	0.016000	0.024083
0.051000	0.073000	0.089051
0.026000	0.032000	0.041231
0.016000	0.014000	0.021260
0.018000	0.018000	0.025456
0.022000	0.022000	0.031113
0.016000	0.015000	0.021932
0.017000	0.016000	0.023345
0.019000	0.018000	0.026173
0.021000	0.020000	0.029000
0.105000	0.181000	0.209251
0.022000	0.027000	0.034828
0.019000	0.021000	0.028320
0.021000	0.021000	0.029698
0.015000	0.016000	0.021932
0.028000	0.034000	0.044045
0.018000	0.016000	0.024083
0.013000	0.018000	0.022204
0.016000	0.021000	0.026401
0.016000	0.011000	0.019416
0.023000	0.037000	0.043566
0.020000	0.020000	0.028284
0.023000	0.033000	0.040224
0.019000	0.016000	0.024839
0.029000	0.016000	0.033121
0.019000	0.020000	0.027586
0.031000	0.042000	0.052202
0.021000	0.018000	0.027659
0.023000	0.031000	0.038601
0.016000	0.015000	0.021932
0.019000	0.018000	0.026173
0.018000	0.016000	0.024083
0.021000	0.025000	0.032650
0.020000	0.018000	0.026907
0.028000	0.045000	0.053000
0.018000	0.018000	0.025456
0.020000	0.022000	0.029732
0.026000	0.027000	0.037483
0.035000	0.049000	0.060216
0.019000	0.014000	0.023601
0.021000	0.028000	0.035000
0.019000	0.019000	0.026870
0.018000	0.022000	0.028425
0.018000	0.020000	0.026907
0.023000	0.019000	0.029833
0.017000	0.016000	0.023345
0.023000	0.022000	0.031828
0.015000	0.016000	0.021932
0.022000	0.028000	0.035609
0.018000	0.021000	0.027659
0.016000	0.016000	0.022627
0.021000	0.018000	0.027659
0.022000	0.025000	0.033302
0.020000	0.015000	0.025000
0.019000	0.020000	0.027586
0.018000	0.018000	0.025456
0.023000	0.029000	0.037014
0.016000	0.018000	0.024083
0.026000	0.031000	0.040460
0.022000	0.023000	0.031828
0.030000	0.038000	0.048415
0.017000	0.015000	0.022672
0.020000	0.016000	0.025612
0.020000	0.029000	0.035228
0.020000	0.019000	0.027586
0.016000	0.015000	0.021932
0.020000	0.020000	0.028284
0.034000	0.035000	0.048795
0.020000	0.025000	0.032016
0.013000	0.023000	0.026420
0.020000	0.022000	0.029732
0.019000	0.021000	0.028320
0.030000	0.035000	0.046098
0.023000	0.026000	0.034713
0.028000	0.036000	0.045607
0.019000	0.015000	0.024207
0.020000	0.018000	0.026907
0.020000	0.022000	0.029732
0.017000	0.014000	0.022023
0.025000	0.030000	0.039051
0.020000	0.025000	0.032016
0.021000	0.020000	0.029000
0.019000	0.019000	0.026870
0.016000	0.015000	0.021932
0.019000	0.016000	0.024839
0.023000	0.019000	0.029833
0.025000	0.015000	0.029155
0.017000	0.017000	0.024042
0.028000	0.030000	0.041037
0.021000	0.021000	0.029698
0.021000	0.019000	0.028320
0.057000	0.067000	0.087966
0.024000	0.025000	0.034655
0.022000	0.030000	0.037202
0.022000	0.030000	0.037202
0.020000	0.024000	0.031241
0.034000	0.044000	0.055606
0.025000	0.029000	0.038288
0.018000	0.022000	0.028425
0.019000	0.016000	0.024839
0.028000	0.020000	0.034409
0.031000	0.026000	0.040460
0.026000	0.018000	0.031623
0.021000	0.027000	0.034205
0.021000	0.024000	0.031890
0.023000	0.019000	0.029833
0.019000	0.020000	0.027586
0.015000	0.020000	0.025000
0.025000	0.038000	0.045486
0.025000	0.026000	0.036069
0.026000	0.034000	0.042802
0.025000	0.027000	0.036797
0.023000	0.018000	0.029206
0.025000	0.018000	0.030806
0.017000	0.013000	0.021401
0.019000	0.016000	0.024839
0.019000	0.024000	0.030610
0.019000	0.018000	0.026173
0.024000	0.027000	0.036125
0.016000	0.017000	0.023345
0.020000	0.017000	0.026249
0.025000	0.032000	0.040608
0.015000	0.017000	0.022672
0.021000	0.022000	0.030414
0.023000	0.020000	0.030480
0.026000	0.024000	0.035384
0.019000	0.017000	0.025495
0.023000	0.020000	0.030480
0.025000	0.029000	0.038288
0.018000	0.025000	0.030806
0.028000	0.038000	0.047202
0.019000	0.020000	0.027586
0.026000	0.040000	0.047707
0.033000	0.031000	0.045277
0.015000	0.015000	0.021213
0.015000	0.016000	0.021932
0.026000	0.035000	0.043600
0.022000	0.024000	0.032558
0.019000	0.023000	0.029833
0.021000	0.021000	0.029698
0.019000	0.017000	0.025495
0.023000	0.028000	0.036235
0.021000	0.028000	0.035000
0.035000	0.035000	0.049497
0.019000	0.020000	0.027586
0.023000	0.023000	0.032527
0.025000	0.030000	0.039051
0.017000	0.017000	0.024042
0.017000	0.021000	0.027019
0.023000	0.021000	0.031145
0.019000	0.016000	0.024839
0.038000	0.049000	0.062008
0.021000	0.021000	0.029698
0.017000	0.016000	0.023345
0.021000	0.019000	0.028320
0.017000	0.019000	0.025495
0.019000	0.026000	0.032202
0.025000	0.017000	0.030232
0.015000	0.015000	0.021213
0.026000	0.028000	0.038210
0.020000	0.021000	0.029000
0.019000	0.022000	0.029069
0.025000	0.025000	0.035355
0.015000	0.015000	0.021213
0.015000	0.019000	0.024207
0.020000	0.020000	0.028284
0.015000	0.015000	0.021213
0.026000	0.034000	0.042802
0.015000	0.015000	0.021213
0.018000	0.020000	0.026907
0.019000	0.020000	0.027586
0.037000	0.046000	0.059034
0.031000	0.036000	0.047508
0.019000	0.022000	0.029069
0.121000	0.268000	0.294049
0.021000	0.020000	0.029000
0.022000	0.022000	0.031113
0.020000	0.024000	0.031241
0.036000	0.053000	0.064070
0.021000	0.024000	0.031890
0.019000	0.022000	0.029069
0.017000	0.015000	0.022672
0.027000	0.046000	0.053339
0.015000	0.017000	0.022672
0.019000	0.021000	0.028320
0.017000	0.021000	0.027019
0.022000	0.026000	0.034059
0.015000	0.019000	0.024207
0.019000	0.019000	0.026870
0.032000	0.036000	0.048166
0.029000	0.028000	0.040311
0.017000	0.020000	0.026249
0.027000	0.040000	0.048260
0.018000	0.022000	0.028425
0.020000	0.018000	0.026907
0.015000	0.015000	0.021213
0.019000	0.025000	0.031401
0.024000	0.025000	0.034655
0.017000	0.021000	0.027019
0.029000	0.028000	0.040311
0.018000	0.022000	0.028425
0.025000	0.036000	0.043829
0.042000	0.045000	0.061555
0.021000	0.025000	0.032650
0.017000	0.020000	0.026249
0.017000	0.020000	0.026249
0.017000	0.021000	0.027019
0.015000	0.016000	0.021932
0.020000	0.021000	0.029000
0.027000	0.030000	0.040361
0.021000	0.022000	0.030414
0.026000	0.029000	0.038949
0.023000	0.026000	0.034713
0.020000	0.021000	0.029000
0.023000	0.021000	0.031145
0.024000	0.023000	0.033242
0.021000	0.022000	0.030414
0.017000	0.021000	0.027019
0.019000	0.020000	0.027586
0.016000	0.022000	0.027203
0.021000	0.022000	0.030414
0.025000	0.036000	0.043829
0.018000	0.023000	0.029206
0.017000	0.017000	0.024042
0.021000	0.017000	0.027019
0.020000	0.021000	0.029000
0.025000	0.036000	0.043829
0.022000	0.025000	0.033302
0.016000	0.020000	0.025612
0.020000	0.021000	0.029000
0.026000	0.029000	0.038949
0.019000	0.033000	0.038079
0.017000	0.021000	0.027019
0.023000	0.030000	0.037802
0.020000	0.021000	0.029000
0.017000	0.018000	0.024759
0.019000	0.019000	0.026870
0.021000	0.022000	0.030414
0.019000	0.019000	0.026870
0.019000	0.017000	0.025495
0.019000	0.025000	0.031401
0.022000	0.024000	0.032558
0.021000	0.020000	0.029000
0.022000	0.023000	0.031828
0.018000	0.019000	0.026173
0.019000	0.019000	0.026870
0.019000	0.020000	0.027586
0.019000	0.019000	0.026870
0.021000	0.026000	0.033422
0.021000	0.022000	0.030414
0.018000	0.015000	0.023431
0.018000	0.024000	0.030000
0.019000	0.019000	0.026870
0.021000	0.021000	0.029698
0.023000	0.023000	0.032527
0.019000	0.020000	0.027586
0.023000	0.022000	0.031828
0.024000	0.027000	0.036125
0.019000	0.019000	0.026870
0.022000	0.025000	0.033302
0.020000	0.022000	0.029732
0.021000	0.021000	0.029698
0.020000	0.020000	0.028284
0.020000	0.020000	0.028284
0.020000	0.020000	0.028284
0.021000	0.019000	0.028320
0.015000	0.019000	0.024207
0.036000	0.046000	0.058412
0.013000	0.017000	0.021401
0.018000	0.015000	0.023431
0.017000	0.022000	0.027803
0.019000	0.020000	0.027586
0.016000	0.019000	0.024839
0.017000	0.019000	0.025495
0.019000	0.020000	0.027586
0.057000	0.093000	0.109078
0.019000	0.022000	0.029069
0.016000	0.017000	0.023345
0.018000	0.019000	0.026173
0.019000	0.025000	0.031401
0.016000	0.021000	0.026401
0.021000	0.020000	0.029000
0.019000	0.019000	0.026870
0.028000	0.032000	0.042521
0.015000	0.019000	0.024207
0.020000	0.021000	0.029000
0.020000	0.020000	0.028284
0.020000	0.021000	0.029000
0.031000	0.038000	0.049041
0.018000	0.020000	0.026907
0.019000	0.020000	0.027586
0.017000	0.019000	0.025495
0.020000	0.020000	0.028284
0.016000	0.021000	0.026401
0.020000	0.021000	0.029000
0.031000	0.038000	0.049041
0.020000	0.020000	0.028284
0.019000	0.020000	0.027586
0.024000	0.026000	0.035384
0.009000	0.013000	0.015811
0.019000	0.020000	0.027586
0.021000	0.021000	0.029698
0.022000	0.028000	0.035609
0.022000	0.023000	0.031828
0.016000	0.017000	0.023345
0.018000	0.017000	0.024759
0.031000	0.037000	0.048270
0.020000	0.021000	0.029000
0.019000	0.017000	0.025495
0.015000	0.013000	0.019849
0.023000	0.023000	0.032527
0.015000	0.019000	0.024207
0.030000	0.041000	0.050804
0.018000	0.022000	0.028425
0.015000	0.020000	0.025000
0.021000	0.023000	0.031145
0.020000	0.020000	0.028284
0.015000	0.020000	0.025000
0.015000	0.019000	0.024207
0.020000	0.020000	0.028284
0.020000	0.020000	0.028284
0.020000	0.020000	0.028284
0.015000	0.020000	0.025000
0.020000	0.025000	0.032016
0.018000	0.022000	0.028425
0.016000	0.018000	0.024083
0.023000	0.021000	0.031145
0.019000	0.020000	0.027586
0.020000	0.022000	0.029732
0.015000	0.015000	0.021213
0.021000	0.029000	0.035805
0.018000	0.025000	0.030806
0.021000	0.022000	0.030414
0.015000	0.019000	0.024207
0.015000	0.019000	0.024207
0.018000	0.019000	0.026173
0.018000	0.022000	0.028425
0.022000	0.031000	0.038013
0.019000	0.020000	0.027586
0.020000	0.020000	0.028284
0.016000	0.021000	0.026401
0.016000	0.019000	0.024839
0.015000	0.018000	0.023431
0.018000	0.022000	0.028425
0.013000	0.018000	0.022204
0.024000	0.025000	0.034655
0.019000	0.020000	0.027586
0.019000	0.020000	0.027586
0.013000	0.025000	0.028178
0.018000	0.022000	0.028425
0.018000	0.019000	0.026173
0.019000	0.020000	0.027586
0.020000	0.022000	0.029732
0.015000	0.018000	0.023431
0.020000	0.024000	0.031241
0.015000	0.019000	0.024207
0.017000	0.022000	0.027803
0.043000	0.054000	0.069029
0.019000	0.017000	0.025495
0.019000	0.020000	0.027586
0.013000	0.021000	0.024698
0.030000	0.025000	0.039051
0.020000	0.020000	0.028284
0.013000	0.021000	0.024698
0.035000	0.011000	0.036688
0.017000	0.022000	0.027803
0.019000	0.020000	0.027586
0.019000	0.019000	0.026870
0.025000	0.015000	0.029155
0.017000	0.016000	0.023345
0.021000	0.016000	0.026401
0.023000	0.016000	0.028018
0.017000	0.016000	0.023345
0.023000	0.016000	0.028018
0.019000	0.019000	0.026870
0.017000	0.016000	0.023345
0.024000	0.018000	0.030000
0.017000	0.009000	0.019235
0.021000	0.016000	0.026401
0.020000	0.024000	0.031241
0.015000	0.021000	0.025807
0.015000	0.019000	0.024207
0.021000	0.022000	0.030414
0.048000	0.045000	0.065795
0.017000	0.022000	0.027803
0.019000	0.021000	0.028320
0.019000	0.017000	0.025495
0.023000	0.018000	0.029206
0.019000	0.019000	0.026870
0.015000	0.020000	0.025000
0.031000	0.019000	0.036359
0.033000	0.011000	0.034785
0.015000	0.018000	0.023431
0.017000	0.017000	0.024042
0.019000	0.020000	0.027586
0.025000	0.016000	0.029682
0.022000	0.023000	0.031828
0.019000	0.018000	0.026173
0.019000	0.018000	0.026173
0.025000	0.018000	0.030806
0.017000	0.018000	0.024759
0.025000	0.018000	0.030806
0.019000	0.018000	0.026173
0.019000	0.019000	0.026870
0.019000	0.020000	0.027586
0.019000	0.020000	0.027586
0.019000	0.020000	0.027586
0.022000	0.025000	0.033302
0.016000	0.020000	0.025612
0.019000	0.013000	0.023022
0.020000	0.019000	0.027586
0.031000	0.023000	0.038601
0.021000	0.020000	0.029000
0.021000	0.025000	0.032650
0.011000	0.028000	0.030083
0.021000	0.020000	0.029000
0.019000	0.019000	0.026870
0.015000	0.020000	0.025000
0.019000	0.020000	0.027586
0.019000	0.018000	0.026173
0.025000	0.020000	0.032016
0.020000	0.020000	0.028284
0.019000	0.019000	0.026870
0.019000	0.020000	0.027586
0.017000	0.021000	0.027019
0.051000	0.119000	0.129468
0.019000	0.018000	0.026173
0.021000	0.027000	0.034205
0.026000	0.030000	0.039699
0.019000	0.019000	0.026870
0.019000	0.019000	0.026870
0.026000	0.032000	0.041231
0.042000	0.060000	0.073239
0.019000	0.019000	0.026870
0.007000	0.017000	0.018385
0.019000	0.017000	0.025495
0.021000	0.026000	0.033422
0.015000	0.019000	0.024207
0.015000	0.019000	0.024207
0.021000	0.022000	0.030414
0.019000	0.020000	0.027586
0.033000	0.042000	0.053413
0.019000	0.019000	0.026870
0.013000	0.018000	0.022204
0.021000	0.022000	0.030414
0.018000	0.020000	0.026907
0.019000	0.020000	0.027586
0.020000	0.021000	0.029000
0.030000	0.036000	0.046861
0.026000	0.026000	0.036770
0.021000	0.020000	0.029000
0.019000	0.017000	0.025495
0.021000	0.025000	0.032650
0.019000	0.019000	0.026870
0.021000	0.021000	0.029698
0.018000	0.022000	0.028425
0.019000	0.018000	0.026173
0.015000	0.024000	0.028302
0.016000	0.015000	0.021932
0.013000	0.022000	0.025554
0.017000	0.018000	0.024759
0.024000	0.018000	0.030000
0.026000	0.015000	0.030017
0.023000	0.020000	0.030480
0.021000	0.027000	0.034205
0.033000	0.043000	0.054203
0.019000	0.024000	0.030610
0.026000	0.018000	0.031623
0.019000	0.023000	0.029833
0.021000	0.007000	0.022136
0.015000	0.019000	0.024207
0.015000	0.029000	0.032650
0.302000	0.033000	0.303798
0.024000	0.016000	0.028844
0.047000	0.019000	0.050695
0.019000	0.020000	0.027586
0.015000	0.019000	0.024207
0.021000	0.017000	0.027019
0.019000	0.020000	0.027586
0.015000	0.020000	0.025000
0.015000	0.020000	0.025000
0.005000	0.017000	0.017720
0.015000	0.019000	0.024207
0.016000	0.020000	0.025612
0.016000	0.020000	0.025612
0.026000	0.030000	0.039699
0.013000	0.015000	0.019849
0.021000	0.020000	0.029000
0.015000	0.016000	0.021932
0.017000	0.016000	0.023345
0.026000	0.025000	0.036069
0.021000	0.022000	0.030414
0.021000	0.015000	0.025807
0.024000	0.016000	0.028844
0.025000	0.022000	0.033302
0.015000	0.019000	0.024207
0.019000	0.020000	0.027586
0.023000	0.016000	0.028018
0.019000	0.020000	0.027586
0.024000	0.018000	0.030000
0.009000	0.017000	0.019235
0.011000	0.018000	0.021095
0.015000	0.021000	0.025807
0.018000	0.019000	0.026173
0.015000	0.019000	0.024207
0.019000	0.016000	0.024839
0.266000	0.015000	0.266423
0.018000	0.023000	0.029206
0.020000	0.026000	0.032802
0.025000	0.016000	0.029682
0.024000	0.018000	0.030000
0.025000	0.016000	0.029682
0.025000	0.020000	0.032016
0.023000	0.017000	0.028601
0.018000	0.023000	0.029206
0.017000	0.021000	0.027019
0.019000	0.019000	0.026870
0.023000	0.018000	0.029206
0.023000	0.017000	0.028601
0.011000	0.017000	0.020248
0.017000	0.015000	0.022672
0.015000	0.019000	0.024207
0.026000	0.020000	0.032802
0.017000	0.015000	0.022672
0.018000	0.019000	0.026173
0.022000	0.028000	0.035609
0.011000	0.017000	0.020248
0.015000	0.019000	0.024207
0.022000	0.023000	0.031828
0.025000	0.013000	0.028178
0.017000	0.018000	0.024759
0.020000	0.025000	0.032016
0.017000	0.020000	0.026249
0.019000	0.019000	0.026870
0.025000	0.020000	0.032016
0.042000	0.059000	0.072422
0.015000	0.019000	0.024207
0.016000	0.077000	0.078645
0.020000	0.020000	0.028284
0.013000	0.013000	0.018385
0.024000	0.020000	0.031241
0.019000	0.020000	0.027586
0.021000	0.019000	0.028320
0.023000	0.018000	0.029206
0.024000	0.022000	0.032558
0.020000	0.026000	0.032802
0.016000	0.018000	0.024083
0.021000	0.019000	0.028320
0.023000	0.025000	0.033971
0.009000	0.021000	0.022847
0.023000	0.020000	0.030480
0.026000	0.020000	0.032802
0.009000	0.033000	0.034205
0.023000	0.019000	0.029833
0.026000	0.020000	0.032802
0.018000	0.024000	0.030000
0.015000	0.019000	0.024207
0.054000	0.071000	0.089202
0.021000	0.026000	0.033422
0.019000	0.017000	0.025495
0.063000	0.095000	0.113991
0.028000	0.023000	0.036235
0.276000	0.009000	0.276147
0.103000	0.109000	0.149967
0.027000	0.035000	0.044204
0.031000	0.032000	0.044553
0.025000	0.007000	0.025962
0.021000	0.022000	0.030414
0.023000	0.019000	0.029833
0.031000	0.026000	0.040460
0.019000	0.019000	0.026870
0.081000	0.099000	0.127914
0.019000	0.019000	0.026870
0.023000	0.011000	0.025495
0.020000	0.019000	0.027586
0.019000	0.019000	0.026870
0.021000	0.018000	0.027659
0.022000	0.024000	0.032558
0.022000	0.022000	0.031113
0.023000	0.027000	0.035468
0.016000	0.020000	0.025612
0.030000	0.037000	0.047634
0.023000	0.019000	0.029833
0.018000	0.017000	0.024759
0.019000	0.019000	0.026870
0.020000	0.020000	0.028284
0.019000	0.019000	0.026870
0.028000	0.021000	0.035000
0.023000	0.017000	0.028601
0.021000	0.021000	0.029698
0.016000	0.015000	0.021932
0.019000	0.017000	0.025495
0.020000	0.020000	0.028284
0.015000	0.016000	0.021932
0.021000	0.021000	0.029698
0.021000	0.025000	0.032650
0.025000	0.017000	0.030232
0.019000	0.018000	0.026173
0.017000	0.016000	0.023345
0.057000	0.065000	0.086452
0.019000	0.019000	0.026870
0.026000	0.021000	0.033422
0.022000	0.051000	0.055543
0.019000	0.019000	0.026870
0.025000	0.019000	0.031401
0.019000	0.021000	0.028320
0.019000	0.023000	0.029833
0.019000	0.020000	0.027586
0.011000	0.013000	0.017029
0.030000	0.031000	0.043139
0.023000	0.017000	0.028601
0.007000	0.019000	0.020248
0.019000	0.019000	0.026870
0.028000	0.034000	0.044045
0.020000	0.021000	0.029000
0.020000	0.021000	0.029000
0.017000	0.017000	0.024042
0.019000	0.017000	0.025495
0.019000	0.020000	0.027586
0.015000	0.019000	0.024207
0.007000	0.017000	0.018385
0.016000	0.015000	0.021932
0.020000	0.021000	0.029000
0.015000	0.015000	0.021213
0.240000	0.005000	0.240052
0.019000	0.020000	0.027586
0.015000	0.019000	0.024207
0.016000	0.021000	0.026401
0.021000	0.022000	0.030414
0.019000	0.020000	0.027586
0.019000	0.018000	0.026173
0.016000	0.013000	0.020616
0.016000	0.020000	0.025612
0.039000	0.042000	0.057315
0.020000	0.019000	0.027586
0.023000	0.025000	0.033971
0.021000	0.023000	0.031145
0.019000	0.019000	0.026870
0.015000	0.015000	0.021213
0.019000	0.019000	0.026870
0.019000	0.019000	0.026870
0.007000	0.019000	0.020248
0.014000	0.013000	0.019105
0.020000	0.020000	0.028284
0.015000	0.015000	0.021213
0.020000	0.030000	0.036056
0.016000	0.013000	0.020616
0.015000	0.019000	0.024207
0.021000	0.023000	0.031145
0.022000	0.023000	0.031828
0.019000	0.039000	0.043382
0.019000	0.026000	0.032202
0.025000	0.029000	0.038288
0.019000	0.021000	0.028320
0.020000	0.020000	0.028284
0.019000	0.019000	0.026870
0.013000	0.013000	0.018385
0.019000	0.018000	0.026173
0.019000	0.020000	0.027586
0.019000	0.019000	0.026870
0.019000	0.019000	0.026870
0.016000	0.013000	0.020616
0.009000	0.013000	0.015811
0.016000	0.017000	0.023345
0.017000	0.017000	0.024042
0.014000	0.013000	0.019105
0.019000	0.059000	0.061984
0.015000	0.010000	0.018028
0.016000	0.018000	0.024083
0.019000	0.019000	0.026870
0.017000	0.016000	0.023345
0.019000	0.026000	0.032202
0.022000	0.031000	0.038013
0.027000	0.027000	0.038184
0.019000	0.020000	0.027586
0.017000	0.020000	0.026249
0.017000	0.022000	0.027803
0.019000	0.021000	0.028320
0.018000	0.017000	0.024759
0.020000	0.025000	0.032016
0.019000	0.020000	0.027586
0.019000	0.019000	0.026870
0.015000	0.020000	0.025000
0.020000	0.019000	0.027586
0.028000	0.038000	0.047202
0.027000	0.018000	0.032450
0.020000	0.027000	0.033601
0.015000	0.019000	0.024207
0.023000	0.029000	0.037014
0.016000	0.017000	0.023345
0.018000	0.023000	0.029206
0.016000	0.018000	0.024083
0.023000	0.020000	0.030480
0.019000	0.027000	0.033015
0.017000	0.017000	0.024042
0.021000	0.020000	0.029000
0.019000	0.024000	0.030610
0.033000	0.044000	0.055000
0.019000	0.020000	0.027586
0.019000	0.019000	0.026870
0.020000	0.020000	0.028284
0.015000	0.020000	0.025000
0.015000	0.021000	0.025807
0.018000	0.024000	0.030000
0.023000	0.019000	0.029833
0.020000	0.024000	0.031241
0.015000	0.020000	0.025000
0.020000	0.024000	0.031241
0.017000	0.018000	0.024759
0.022000	0.029000	0.036401
0.020000	0.020000	0.028284
0.067000	0.074000	0.099825
0.015000	0.023000	0.027459
0.018000	0.024000	0.030000
0.015000	0.019000	0.024207
0.013000	0.013000	0.018385
0.005000	0.017000	0.017720
0.023000	0.018000	0.029206
0.025000	0.034000	0.042202
0.025000	0.037000	0.044654
0.019000	0.016000	0.024839
0.019000	0.057000	0.060083
0.016000	0.021000	0.026401
0.015000	0.019000	0.024207
0.051000	0.080000	0.094874
0.019000	0.018000	0.026173
0.020000	0.026000	0.032802
0.015000	0.019000	0.024207
0.020000	0.020000	0.028284
0.019000	0.019000	0.026870
0.020000	0.026000	0.032802
0.021000	0.027000	0.034205
0.020000	0.026000	0.032802
0.031000	0.041000	0.051400
0.017000	0.016000	0.023345
0.015000	0.019000	0.024207
0.025000	0.020000	0.032016
0.023000	0.018000	0.029206
0.020000	0.019000	0.027586
0.016000	0.021000	0.026401
0.019000	0.019000	0.026870
0.019000	0.025000	0.031401
0.015000	0.013000	0.019849
0.035000	0.048000	0.059405
0.025000	0.017000	0.030232
0.018000	0.024000	0.030000
0.018000	0.024000	0.030000
0.023000	0.013000	0.026420
0.025000	0.016000	0.029682
0.019000	0.029000	0.034670
0.011000	0.011000	0.015556
0.009000	0.015000	0.017493
0.016000	0.015000	0.021932
0.021000	0.025000	0.032650
0.016000	0.024000	0.028844
0.024000	0.034000	0.041617
0.019000	0.019000	0.026870
0.022000	0.022000	0.031113
0.013000	0.015000	0.019849
0.018000	0.024000	0.030000
0.016000	0.015000	0.021932
0.019000	0.018000	0.026173
0.049000	0.081000	0.094668
0.017000	0.013000	0.021401
0.011000	0.011000	0.015556
0.016000	0.025000	0.029682
0.015000	0.024000	0.028302
0.017000	0.018000	0.024759
0.039000	0.035000	0.052402
0.021000	0.020000	0.029000
0.032000	0.017000	0.036235
0.019000	0.019000	0.026870
0.018000	0.019000	0.026173
0.016000	0.025000	0.029682
0.019000	0.018000	0.026173
0.240000	0.234000	0.335195
0.015000	0.019000	0.024207
0.021000	0.022000	0.030414
0.019000	0.018000	0.026173
0.015000	0.024000	0.028302
0.043000	0.075000	0.086452
0.018000	0.025000	0.030806
0.017000	0.026000	0.031064
0.019000	0.019000	0.026870
0.017000	0.018000	0.024759
0.019000	0.022000	0.029069
0.021000	0.016000	0.026401
0.016000	0.025000	0.029682
0.019000	0.020000	0.027586
0.016000	0.018000	0.024083
0.019000	0.024000	0.030610
0.020000	0.020000	0.028284
0.019000	0.057000	0.060083
0.018000	0.024000	0.030000
0.018000	0.024000	0.030000
0.024000	0.036000	0.043267
0.015000	0.024000	0.028302
0.019000	0.021000	0.028320
0.015000	0.024000	0.028302
0.017000	0.016000	0.023345
0.016000	0.016000	0.022627
0.019000	0.018000	0.026173
0.016000	0.018000	0.024083
0.028000	0.037000	0.046400
0.021000	0.029000	0.035805
0.020000	0.028000	0.034409
0.036000	0.043000	0.056080
0.020000	0.019000	0.027586
0.023000	0.023000	0.032527
0.016000	0.024000	0.028844
0.015000	0.024000	0.028302
0.019000	0.020000	0.027586
0.023000	0.016000	0.028018
0.016000	0.015000	0.021932
0.015000	0.024000	0.028302
0.015000	0.023000	0.027459
0.020000	0.020000	0.028284
0.019000	0.016000	0.024839
0.019000	0.020000	0.027586
0.024000	0.024000	0.033941
0.019000	0.019000	0.026870
0.016000	0.021000	0.026401
0.015000	0.018000	0.023431
0.015000	0.015000	0.021213
0.051000	0.066000	0.083409
0.017000	0.022000	0.027803
0.015000	0.016000	0.021932
0.021000	0.016000	0.026401
0.021000	0.023000	0.031145
0.026000	0.018000	0.031623
0.019000	0.019000	0.026870
0.019000	0.020000	0.027586
0.009000	0.009000	0.012728
0.017000	0.015000	0.022672
0.019000	0.019000	0.026870
0.013000	0.018000	0.022204
0.020000	0.019000	0.027586
0.020000	0.020000	0.028284
0.021000	0.021000	0.029698
0.016000	0.016000	0.022627
0.021000	0.018000	0.027659
0.019000	0.019000	0.026870
0.018000	0.018000	0.025456
0.013000	0.017000	0.021401
0.019000	0.019000	0.026870
0.009000	0.017000	0.019235
0.019000	0.018000	0.026173
0.020000	0.026000	0.032802
0.020000	0.019000	0.027586
0.019000	0.018000	0.026173
0.021000	0.024000	0.031890
0.019000	0.019000	0.026870
0.022000	0.023000	0.031828
0.016000	0.015000	0.021932
0.017000	0.023000	0.028601
0.007000	0.015000	0.016553
0.018000	0.018000	0.025456
0.033000	0.018000	0.037590
0.015000	0.020000	0.025000
0.019000	0.019000	0.026870
0.023000	0.025000	0.033971
0.013000	0.016000	0.020616
0.030000	0.041000	0.050804
0.019000	0.018000	0.026173
0.019000	0.020000	0.027586
0.020000	0.021000	0.029000
0.023000	0.009000	0.024698
0.016000	0.021000	0.026401
0.016000	0.018000	0.024083
0.019000	0.020000	0.027586
0.019000	0.020000	0.027586
0.015000	0.019000	0.024207
0.018000	0.014000	0.022804
0.020000	0.026000	0.032802
0.020000	0.020000	0.028284
0.018000	0.015000	0.023431
0.015000	0.019000	0.024207
0.018000	0.015000	0.023431
0.017000	0.015000	0.022672
0.015000	0.015000	0.021213
0.015000	0.020000	0.025000
0.021000	0.015000	0.025807
0.020000	0.020000	0.028284
0.007000	0.011000	0.013038
0.019000	0.019000	0.026870
0.020000	0.021000	0.029000
0.020000	0.021000	0.029000
0.021000	0.018000	0.027659
0.027000	0.013000	0.029967
0.030000	0.045000	0.054083
0.020000	0.021000	0.029000
0.036000	0.046000	0.058412
0.018000	0.015000	0.023431
0.021000	0.022000	0.030414
0.019000	0.020000	0.027586
0.019000	0.020000	0.027586
0.028000	0.035000	0.044822
0.015000	0.020000	0.025000
0.018000	0.018000	0.025456
0.021000	0.022000	0.030414
0.019000	0.022000	0.029069
0.017000	0.009000	0.019235
0.020000	0.023000	0.030480
0.023000	0.024000	0.033242
0.020000	0.022000	0.029732
0.019000	0.014000	0.023601
0.019000	0.020000	0.027586
0.016000	0.022000	0.027203
0.017000	0.015000	0.022672
0.015000	0.017000	0.022672
0.041000	0.061000	0.073498
0.041000	0.058000	0.071028
0.026000	0.034000	0.042802
0.020000	0.020000	0.028284
0.019000	0.019000	0.026870
0.023000	0.031000	0.038601
0.025000	0.027000	0.036797
0.019000	0.019000	0.026870
0.019000	0.019000	0.026870
0.019000	0.019000	0.026870
0.018000	0.015000	0.023431
0.025000	0.016000	0.029682
0.015000	0.020000	0.025000
0.016000	0.016000	0.022627
0.020000	0.022000	0.029732
0.015000	0.019000	0.024207
0.017000	0.016000	0.023345
0.024000	0.033000	0.040804
0.019000	0.020000	0.027586
0.020000	0.020000	0.028284
0.018000	0.015000	0.023431
0.034000	0.045000	0.056400
0.023000	0.024000	0.033242
0.270000	0.318000	0.417162
0.018000	0.024000	0.030000
0.033000	0.015000	0.036249
0.018000	0.016000	0.024083
0.018000	0.019000	0.026173
0.016000	0.021000	0.026401
0.043000	0.016000	0.045880
0.015000	0.011000	0.018601
0.019000	0.019000	0.026870
0.039000	0.049000	0.062626
0.018000	0.024000	0.030000
0.025000	0.031000	0.039825
0.018000	0.019000	0.026173
0.019000	0.020000	0.027586
0.013000	0.027000	0.029967
0.022000	0.023000	0.031828
0.019000	0.021000	0.028320
0.021000	0.023000	0.031145
0.020000	0.022000	0.029732
0.019000	0.019000	0.026870
0.017000	0.023000	0.028601
0.071000	0.101000	0.123458
0.020000	0.023000	0.030480
0.018000	0.020000	0.026907
0.003000	0.009000	0.009487
0.016000	0.020000	0.025612
0.023000	0.026000	0.034713
0.019000	0.026000	0.032202
0.016000	0.016000	0.022627
0.028000	0.033000	0.043278
0.020000	0.021000	0.029000
0.021000	0.018000	0.027659
0.015000	0.021000	0.025807
0.023000	0.023000	0.032527
0.019000	0.024000	0.030610
0.018000	0.024000	0.030000
0.026000	0.031000	0.040460
0.018000	0.020000	0.026907
0.019000	0.020000	0.027586
0.020000	0.019000	0.027586
0.024000	0.037000	0.044102
0.019000	0.019000	0.026870
0.015000	0.019000	0.024207
0.013000	0.017000	0.021401
0.021000	0.022000	0.030414
0.018000	0.020000	0.026907
0.023000	0.027000	0.035468
0.016000	0.018000	0.024083
0.019000	0.020000	0.027586
0.019000	0.025000	0.031401
0.023000	0.028000	0.036235
0.022000	0.026000	0.034059
0.020000	0.018000	0.026907
0.019000	0.019000	0.026870
0.026000	0.033000	0.042012
0.020000	0.024000	0.031241
0.018000	0.016000	0.024083
0.018000	0.019000	0.026173
0.016000	0.018000	0.024083
0.011000	0.011000	0.015556
0.040000	0.047000	0.061717
0.018000	0.021000	0.027659
0.034000	0.047000	0.058009
0.017000	0.015000	0.022672
0.023000	0.026000	0.034713
0.005000	0.017000	0.017720
0.018000	0.016000	0.024083
0.019000	0.021000	0.028320
0.018000	0.016000	0.024083
0.016000	0.016000	0.022627
0.011000	0.013000	0.017029
0.016000	0.024000	0.028844
0.015000	0.020000	0.025000
0.018000	0.016000	0.024083
0.011000	0.009000	0.014213
0.021000	0.021000	0.029698
0.046000	0.071000	0.084599
0.019000	0.022000	0.029069
0.019000	0.023000	0.029833
0.025000	0.036000	0.043829
0.019000	0.019000	0.026870
0.021000	0.026000	0.033422
0.018000	0.014000	0.022804
0.018000	0.017000	0.024759
0.020000	0.023000	0.030480
0.018000	0.024000	0.030000
0.019000	0.020000	0.027586
0.019000	0.019000	0.026870
0.020000	0.027000	0.033601
0.015000	0.020000	0.025000
0.019000	0.021000	0.028320
0.019000	0.019000	0.026870
0.022000	0.026000	0.034059
0.015000	0.020000	0.025000
0.020000	0.021000	0.029000
0.021000	0.024000	0.031890
0.016000	0.021000	0.026401
0.019000	0.019000	0.026870
0.013000	0.016000	0.020616
0.019000	0.019000	0.026870
0.020000	0.021000	0.029000
0.015000	0.021000	0.025807
0.021000	0.027000	0.034205
0.019000	0.020000	0.027586
0.026000	0.035000	0.043600
0.021000	0.017000	0.027019
0.019000	0.020000	0.027586
0.023000	0.026000	0.034713
0.013000	0.015000	0.019849
0.016000	0.018000	0.024083
0.018000	0.016000	0.024083
0.019000	0.021000	0.028320
0.018000	0.018000	0.025456
0.016000	0.020000	0.025612
0.020000	0.020000	0.028284
0.019000	0.020000	0.027586
0.015000	0.020000	0.025000
0.016000	0.021000	0.026401
0.020000	0.021000	0.029000
0.018000	0.021000	0.027659
0.019000	0.020000	0.027586
0.015000	0.015000	0.021213
0.017000	0.015000	0.022672
0.016000	0.019000	0.024839
0.015000	0.019000	0.024207
0.018000	0.015000	0.023431
0.038000	0.060000	0.071021
0.018000	0.016000	0.024083
0.021000	0.022000	0.030414
0.028000	0.032000	0.042521
0.020000	0.021000	0.029000
0.015000	0.016000	0.021932
0.026000	0.018000	0.031623
0.016000	0.018000	0.024083
0.009000	0.007000	0.011402
0.021000	0.016000	0.026401
0.023000	0.016000	0.028018
0.019000	0.020000	0.027586
0.018000	0.015000	0.023431
0.017000	0.017000	0.024042
0.019000	0.020000	0.027586
0.019000	0.019000	0.026870
0.015000	0.016000	0.021932
0.020000	0.019000	0.027586
0.030000	0.040000	0.050000
0.019000	0.019000	0.026870
0.026000	0.029000	0.038949
0.015000	0.019000	0.024207
0.016000	0.019000	0.024839
0.015000	0.019000	0.024207
0.016000	0.021000	0.026401
0.015000	0.019000	0.024207
0.018000	0.019000	0.026173
0.021000	0.021000	0.029698
0.017000	0.019000	0.025495
0.024000	0.029000	0.037643
0.023000	0.018000	0.029206
0.016000	0.021000	0.026401
0.019000	0.023000	0.029833
0.015000	0.019000	0.024207
0.019000	0.019000	0.026870
0.020000	0.021000	0.029000
0.021000	0.019000	0.028320
0.018000	0.020000	0.026907
0.019000	0.017000	0.025495
0.020000	0.022000	0.029732
0.019000	0.023000	0.029833
0.045000	0.029000	0.053535
0.015000	0.020000	0.025000
0.026000	0.039000	0.046872
0.019000	0.019000	0.026870
0.015000	0.017000	0.022672
0.015000	0.081000	0.082377
0.025000	0.033000	0.041400
0.020000	0.020000	0.028284
0.016000	0.020000	0.025612
0.019000	0.020000	0.027586
0.020000	0.019000	0.027586
0.018000	0.020000	0.026907
0.024000	0.032000	0.040000
0.019000	0.019000	0.026870
0.024000	0.026000	0.035384
0.016000	0.020000	0.025612
0.018000	0.020000	0.026907
0.019000	0.016000	0.024839
0.019000	0.019000	0.026870
0.098000	0.099000	0.139302
0.022000	0.021000	0.030414
0.032000	0.032000	0.045255
0.016000	0.020000	0.025612
0.015000	0.021000	0.025807
0.019000	0.016000	0.024839
0.020000	0.027000	0.033601
0.011000	0.015000	0.018601
0.023000	0.028000	0.036235
0.020000	0.018000	0.026907
0.019000	0.022000	0.029069
0.023000	0.032000	0.039408
0.020000	0.016000	0.025612
0.023000	0.028000	0.036235
0.024000	0.029000	0.037643
0.230000	0.175000	0.289007
0.014000	0.018000	0.022804
0.019000	0.020000	0.027586
0.078000	0.113000	0.137306
0.025000	0.032000	0.040608
0.028000	0.033000	0.043278
0.023000	0.025000	0.033971
0.023000	0.031000	0.038601
0.019000	0.019000	0.026870
0.018000	0.016000	0.024083
0.023000	0.028000	0.036235
0.021000	0.030000	0.036620
0.024000	0.031000	0.039205
0.026000	0.036000	0.044407
0.019000	0.016000	0.024839
0.019000	0.021000	0.028320
0.020000	0.025000	0.032016
0.019000	0.019000	0.026870
0.019000	0.016000	0.024839
0.019000	0.017000	0.025495
0.019000	0.021000	0.028320
0.041000	0.048000	0.063127
0.025000	0.013000	0.028178
0.025000	0.031000	0.039825
0.020000	0.020000	0.028284
0.016000	0.020000	0.025612
0.021000	0.025000	0.032650
0.019000	0.019000	0.026870
0.020000	0.022000	0.029732
0.022000	0.022000	0.031113
0.019000	0.019000	0.026870
0.025000	0.020000	0.032016
0.044000	0.055000	0.070434
0.020000	0.024000	0.031241
0.020000	0.016000	0.025612
0.023000	0.026000	0.034713
0.022000	0.025000	0.033302
0.021000	0.019000	0.028320
0.029000	0.026000	0.038949
0.037000	0.048000	0.060605
0.026000	0.025000	0.036069
0.033000	0.055000	0.064140
0.032000	0.045000	0.055218
0.026000	0.038000	0.046043
0.019000	0.019000	0.026870
0.020000	0.018000	0.026907
0.021000	0.025000	0.032650
0.019000	0.015000	0.024207
0.019000	0.016000	0.024839
0.037000	0.046000	0.059034
0.021000	0.023000	0.031145
0.019000	0.016000	0.024839
0.021000	0.021000	0.029698
0.043000	0.062000	0.075452
0.020000	0.018000	0.026907
0.020000	0.019000	0.027586
0.022000	0.021000	0.030414
0.026000	0.029000	0.038949
0.017000	0.018000	0.024759
0.020000	0.022000	0.029732
0.019000	0.015000	0.024207
0.019000	0.015000	0.024207
0.038000	0.049000	0.062008
0.029000	0.041000	0.050220
0.040000	0.042000	0.058000
0.032000	0.052000	0.061057
0.020000	0.016000	0.025612
0.034000	0.049000	0.059641
0.018000	0.017000	0.024759
0.025000	0.028000	0.037537
0.021000	0.019000	0.028320
0.028000	0.030000	0.041037
0.085000	0.103000	0.133544
0.048000	0.076000	0.089889
0.018000	0.019000	0.026173
0.019000	0.022000	0.029069
0.024000	0.025000	0.034655
0.019000	0.015000	0.024207
0.018000	0.018000	0.025456
0.019000	0.020000	0.027586
0.019000	0.028000	0.033838
0.063000	0.099000	0.117346
0.026000	0.026000	0.036770
0.017000	0.022000	0.027803
0.016000	0.016000	0.022627
0.050000	0.073000	0.088482
0.019000	0.020000	0.027586
0.030000	0.035000	0.046098
0.042000	0.061000	0.074061
0.046000	0.073000	0.086284
0.020000	0.018000	0.026907
0.020000	0.016000	0.025612
0.016000	0.016000	0.022627
0.045000	0.060000	0.075000
0.018000	0.016000	0.024083
0.019000	0.018000	0.026173
0.054000	0.064000	0.083738
0.045000	0.060000	0.075000
0.036000	0.044000	0.056851
0.018000	0.022000	0.028425
0.033000	0.053000	0.062434
0.043000	0.059000	0.073007
0.025000	0.027000	0.036797
0.152000	0.171000	0.228790
0.020000	0.022000	0.029732
0.027000	0.028000	0.038897
0.018000	0.019000	0.026173
0.030000	0.041000	0.050804
0.021000	0.022000	0.030414
0.103000	0.122000	0.159665
0.034000	0.045000	0.056400
0.034000	0.037000	0.050249
0.038000	0.056000	0.067676
0.015000	0.022000	0.026627
0.019000	0.019000	0.026870
0.013000	0.019000	0.023022
0.021000	0.023000	0.031145
0.027000	0.030000	0.040361
0.018000	0.016000	0.024083
0.018000	0.016000	0.024083
0.032000	0.043000	0.053600
0.015000	0.018000	0.023431
0.015000	0.019000	0.024207
0.016000	0.016000	0.022627
0.021000	0.018000	0.027659
0.033000	0.044000	0.055000
0.075000	0.104000	0.128222
0.130000	0.187000	0.227748
0.037000	0.052000	0.063820
0.022000	0.026000	0.034059
0.017000	0.023000	0.028601
0.018000	0.013000	0.022204
0.024000	0.033000	0.040804
0.024000	0.031000	0.039205
0.020000	0.020000	0.028284
0.027000	0.034000	0.043417
0.077000	0.116000	0.139230
0.032000	0.038000	0.049679
0.018000	0.019000	0.026173
0.024000	0.022000	0.032558
0.021000	0.019000	0.028320
0.046000	0.081000	0.093150
0.043000	0.083000	0.093477
0.024000	0.030000	0.038419
0.054000	0.131000	0.141693
0.034000	0.042000	0.054037
0.019000	0.018000	0.026173
0.021000	0.020000	0.029000
0.021000	0.016000	0.026401
0.026000	0.030000	0.039699
0.019000	0.019000	0.026870
0.025000	0.035000	0.043012
0.023000	0.022000	0.031828
0.020000	0.015000	0.025000
0.059000	0.079000	0.098600
0.036000	0.040000	0.053814
0.023000	0.020000	0.030480
0.064000	0.114000	0.130736
0.021000	0.018000	0.027659
0.021000	0.018000	0.027659
0.021000	0.021000	0.029698
0.023000	0.020000	0.030480
0.024000	0.017000	0.029411
0.020000	0.019000	0.027586
0.021000	0.032000	0.038275
0.021000	0.019000	0.028320
0.021000	0.020000	0.029000
0.019000	0.020000	0.027586
0.049000	0.073000	0.087920
0.021000	0.018000	0.027659
0.022000	0.018000	0.028425
0.022000	0.031000	0.038013
0.017000	0.015000	0.022672
0.046000	0.080000	0.092282
0.021000	0.020000	0.029000
0.095000	0.250000	0.267442
0.016000	0.014000	0.021260
0.021000	0.015000	0.025807
0.017000	0.018000	0.024759
0.021000	0.020000	0.029000
0.018000	0.024000	0.030000
0.127000	0.211000	0.246272
0.036000	0.054000	0.064900
0.027000	0.035000	0.044204
0.023000	0.023000	0.032527
0.042000	0.076000	0.086833
0.065000	0.093000	0.113464
0.024000	0.031000	0.039205
0.020000	0.019000	0.027586
0.035000	0.053000	0.063514
0.033000	0.015000	0.036249
0.024000	0.022000	0.032558
0.023000	0.035000	0.041881
0.017000	0.015000	0.022672
0.026000	0.033000	0.042012
0.026000	0.047000	0.053712
0.023000	0.025000	0.033971
0.020000	0.018000	0.026907
0.018000	0.021000	0.027659
0.020000	0.013000	0.023854
0.023000	0.020000	0.030480
0.021000	0.018000	0.027659
0.021000	0.021000	0.029698
0.020000	0.027000	0.033601
0.034000	0.053000	0.062968
0.018000	0.023000	0.029206
0.027000	0.036000	0.045000
0.112000	0.263000	0.285855
0.017000	0.027000	0.031906
0.021000	0.026000	0.033422
0.025000	0.031000	0.039825
0.024000	0.019000	0.030610
0.028000	0.028000	0.039598
0.020000	0.024000	0.031241
0.024000	0.026000	0.035384
0.024000	0.026000	0.035384
0.021000	0.016000	0.026401
0.024000	0.028000	0.036878
0.019000	0.018000	0.026173
0.020000	0.023000	0.030480
0.017000	0.020000	0.026249
0.023000	0.026000	0.034713
0.025000	0.036000	0.043829
0.024000	0.023000	0.033242
0.021000	0.017000	0.027019
0.034000	0.043000	0.054818
0.023000	0.022000	0.031828
0.021000	0.015000	0.025807
0.028000	0.037000	0.046400
0.021000	0.019000	0.028320
0.022000	0.019000	0.029069
0.035000	0.046000	0.057801
0.028000	0.025000	0.037537
0.025000	0.024000	0.034655
0.034000	0.046000	0.057201
0.022000	0.028000	0.035609
0.023000	0.029000	0.037014
0.025000	0.023000	0.033971
0.023000	0.023000	0.032527
0.019000	0.018000	0.026173
0.019000	0.020000	0.027586
0.021000	0.030000	0.036620
0.019000	0.016000	0.024839
0.022000	0.020000	0.029732
0.009000	0.016000	0.018358
0.019000	0.016000	0.024839
0.026000	0.022000	0.034059
0.021000	0.018000	0.027659
0.021000	0.019000	0.028320
0.021000	0.019000	0.028320
0.019000	0.018000	0.026173
0.036000	0.062000	0.071694
0.024000	0.029000	0.037643
0.018000	0.021000	0.027659
0.071000	0.092000	0.116211
0.023000	0.029000	0.037014
0.016000	0.018000	0.024083
0.018000	0.021000	0.027659
0.031000	0.019000	0.036359
0.026000	0.025000	0.036069
0.020000	0.026000	0.032802
0.021000	0.026000	0.033422
0.020000	0.021000	0.029000
0.027000	0.035000	0.044204
