0.019000	0.015000	0.024207
0.016000	0.013000	0.020616
0.079000	0.072000	0.106888
0.032000	0.030000	0.043863
0.036000	0.032000	0.048166
0.047000	0.036000	0.059203
0.014000	0.010000	0.017205
0.072000	0.057000	0.091831
0.015000	0.010000	0.018028
0.058000	0.051000	0.077233
0.045000	0.036000	0.057628
0.032000	0.026000	0.041231
0.018000	0.014000	0.022804
0.024000	0.021000	0.031890
0.045000	0.042000	0.061555
0.029000	0.025000	0.038288
0.063000	0.054000	0.082976
0.020000	0.017000	0.026249
0.017000	0.012000	0.020809
0.019000	0.017000	0.025495
0.014000	0.009000	0.016643
0.022000	0.018000	0.028425
0.014000	0.009000	0.016643
0.034000	0.028000	0.044045
0.014000	0.009000	0.016643
0.014000	0.009000	0.016643
0.016000	0.011000	0.019416
0.017000	0.012000	0.020809
0.015000	0.010000	0.018028
0.014000	0.009000	0.016643
0.014000	0.009000	0.016643
0.017000	0.014000	0.022023
0.015000	0.010000	0.018028
0.014000	0.009000	0.016643
0.020000	0.017000	0.026249
0.015000	0.011000	0.018601
0.015000	0.011000	0.018601
0.016000	0.013000	0.020616
0.014000	0.009000	0.016643
0.015000	0.011000	0.018601
0.019000	0.014000	0.023601
0.014000	0.009000	0.016643
0.016000	0.011000	0.019416
0.014000	0.009000	0.016643
0.014000	0.009000	0.016643
0.015000	0.010000	0.018028
0.015000	0.011000	0.018601
0.015000	0.010000	0.018028
0.015000	0.010000	0.018028
0.015000	0.010000	0.018028
0.020000	0.016000	0.025612
0.029000	0.024000	0.037643
0.091000	0.068000	0.113600
0.017000	0.013000	0.021401
0.024000	0.018000	0.030000
0.015000	0.010000	0.018028
0.047000	0.034000	0.058009
