0.036000	0.034000	0.049518
0.015000	0.010000	0.018028
0.016000	0.012000	0.020000
0.016000	0.012000	0.020000
0.019000	0.016000	0.024839
0.018000	0.015000	0.023431
0.015000	0.010000	0.018028
0.015000	0.010000	0.018028
0.016000	0.010000	0.018868
0.026000	0.022000	0.034059
0.016000	0.010000	0.018868
0.015000	0.010000	0.018028
0.015000	0.010000	0.018028
0.015000	0.010000	0.018028
0.016000	0.010000	0.018868
0.017000	0.013000	0.021401
0.019000	0.016000	0.024839
0.019000	0.015000	0.024207
0.018000	0.014000	0.022804
0.033000	0.033000	0.046669
0.017000	0.014000	0.022023
0.023000	0.019000	0.029833
0.058000	0.051000	0.077233
