0.020000	0.010000	0.022361
0.020000	0.020000	0.028284
0.030000	0.040000	0.050000
0.020000	0.020000	0.028284
0.020000	0.020000	0.028284
0.020000	0.020000	0.028284
0.020000	0.020000	0.028284
0.070000	0.080000	0.106301
0.020000	0.020000	0.028284
0.050000	0.080000	0.094340
0.040000	0.060000	0.072111
0.020000	0.030000	0.036056
0.020000	0.040000	0.044721
0.030000	0.030000	0.042426
0.030000	0.030000	0.042426
0.030000	0.050000	0.058310
0.020000	0.020000	0.028284
0.030000	0.030000	0.042426
0.020000	0.020000	0.028284
0.020000	0.020000	0.028284
0.020000	0.020000	0.028284
0.050000	0.050000	0.070711
0.040000	0.050000	0.064031
0.030000	0.030000	0.042426
0.030000	0.020000	0.036056
0.020000	0.030000	0.036056
0.040000	0.050000	0.064031
0.030000	0.030000	0.042426
0.020000	0.020000	0.028284
0.020000	0.020000	0.028284
0.020000	0.020000	0.028284
0.030000	0.030000	0.042426
0.020000	0.020000	0.028284
0.020000	0.030000	0.036056
0.030000	0.030000	0.042426
0.030000	0.040000	0.050000
0.040000	0.050000	0.064031
0.030000	0.040000	0.050000
0.030000	0.030000	0.042426
0.030000	0.030000	0.042426
0.020000	0.010000	0.022361
0.040000	0.070000	0.080623
0.020000	0.020000	0.028284
0.030000	0.050000	0.058310
0.020000	0.010000	0.022361
0.020000	0.020000	0.028284
0.020000	0.030000	0.036056
0.020000	0.030000	0.036056
0.020000	0.020000	0.028284
0.020000	0.020000	0.028284
0.020000	0.020000	0.028284
0.020000	0.020000	0.028284
0.020000	0.020000	0.028284
0.020000	0.030000	0.036056
0.020000	0.020000	0.028284
0.020000	0.020000	0.028284
0.020000	0.020000	0.028284
0.020000	0.020000	0.028284
0.020000	0.020000	0.028284
0.040000	0.050000	0.064031
0.020000	0.030000	0.036056
0.020000	0.020000	0.028284
0.020000	0.020000	0.028284
0.020000	0.020000	0.028284
0.030000	0.030000	0.042426
0.020000	0.020000	0.028284
0.020000	0.020000	0.028284
0.060000	0.080000	0.100000
0.020000	0.020000	0.028284
0.030000	0.040000	0.050000
0.020000	0.020000	0.028284
0.030000	0.030000	0.042426
0.020000	0.020000	0.028284
0.040000	0.040000	0.056569
0.020000	0.020000	0.028284
0.020000	0.020000	0.028284
0.020000	0.030000	0.036056
0.020000	0.020000	0.028284
0.020000	0.030000	0.036056
0.050000	0.060000	0.078102
0.020000	0.030000	0.036056
0.020000	0.020000	0.028284
0.050000	0.050000	0.070711
0.020000	0.020000	0.028284
0.040000	0.060000	0.072111
0.020000	0.020000	0.028284
0.020000	0.020000	0.028284
0.020000	0.030000	0.036056
0.040000	0.050000	0.064031
0.020000	0.020000	0.028284
0.020000	0.030000	0.036056
0.020000	0.020000	0.028284
0.020000	0.020000	0.028284
0.040000	0.070000	0.080623
0.020000	0.020000	0.028284
0.020000	0.020000	0.028284
0.020000	0.010000	0.022361
0.030000	0.040000	0.050000
0.030000	0.050000	0.058310
0.020000	0.020000	0.028284
0.020000	0.030000	0.036056
0.020000	0.020000	0.028284
0.020000	0.020000	0.028284
0.020000	0.020000	0.028284
0.030000	0.040000	0.050000
0.020000	0.020000	0.028284
0.030000	0.050000	0.058310
0.020000	0.040000	0.044721
0.030000	0.040000	0.050000
0.020000	0.020000	0.028284
0.020000	0.020000	0.028284
0.040000	0.060000	0.072111
0.020000	0.020000	0.028284
0.020000	0.020000	0.028284
0.020000	0.020000	0.028284
0.020000	0.030000	0.036056
0.020000	0.020000	0.028284
0.020000	0.020000	0.028284
0.020000	0.020000	0.028284
0.040000	0.050000	0.064031
0.020000	0.020000	0.028284
0.020000	0.020000	0.028284
0.030000	0.040000	0.050000
0.020000	0.030000	0.036056
0.020000	0.020000	0.028284
0.030000	0.030000	0.042426
0.030000	0.030000	0.042426
0.050000	0.070000	0.086023
0.030000	0.030000	0.042426
0.030000	0.040000	0.050000
0.020000	0.020000	0.028284
0.020000	0.030000	0.036056
0.020000	0.020000	0.028284
0.020000	0.020000	0.028284
0.050000	0.050000	0.070711
0.020000	0.020000	0.028284
0.030000	0.020000	0.036056
0.020000	0.020000	0.028284
0.050000	0.060000	0.078102
0.020000	0.030000	0.036056
0.030000	0.020000	0.036056
0.030000	0.030000	0.042426
0.050000	0.050000	0.070711
0.020000	0.020000	0.028284
0.010000	0.010000	0.014142
0.030000	0.030000	0.042426
0.020000	0.010000	0.022361
0.020000	0.020000	0.028284
0.030000	0.020000	0.036056
0.020000	0.010000	0.022361
0.020000	0.020000	0.028284
0.040000	0.060000	0.072111
0.030000	0.030000	0.042426
0.020000	0.020000	0.028284
0.020000	0.020000	0.028284
0.020000	0.020000	0.028284
0.030000	0.030000	0.042426
0.010000	0.010000	0.014142
0.020000	0.010000	0.022361
0.020000	0.010000	0.022361
0.020000	0.020000	0.028284
0.020000	0.030000	0.036056
0.040000	0.040000	0.056569
0.030000	0.020000	0.036056
0.030000	0.030000	0.042426
0.020000	0.030000	0.036056
0.020000	0.030000	0.036056
0.040000	0.050000	0.064031
0.020000	0.020000	0.028284
0.040000	0.040000	0.056569
0.020000	0.020000	0.028284
0.030000	0.020000	0.036056
0.020000	0.020000	0.028284
0.020000	0.020000	0.028284
0.040000	0.050000	0.064031
0.020000	0.030000	0.036056
0.030000	0.030000	0.042426
0.020000	0.020000	0.028284
0.020000	0.020000	0.028284
0.030000	0.040000	0.050000
0.020000	0.020000	0.028284
0.020000	0.030000	0.036056
0.020000	0.020000	0.028284
0.020000	0.020000	0.028284
0.020000	0.020000	0.028284
0.020000	0.020000	0.028284
0.030000	0.050000	0.058310
0.020000	0.020000	0.028284
0.030000	0.040000	0.050000
0.020000	0.020000	0.028284
0.020000	0.020000	0.028284
0.020000	0.020000	0.028284
0.020000	0.020000	0.028284
0.020000	0.020000	0.028284
0.030000	0.040000	0.050000
0.020000	0.010000	0.022361
0.020000	0.020000	0.028284
0.010000	0.030000	0.031623
0.020000	0.030000	0.036056
0.020000	0.020000	0.028284
0.020000	0.020000	0.028284
0.020000	0.030000	0.036056
0.020000	0.020000	0.028284
0.030000	0.030000	0.042426
0.020000	0.020000	0.028284
0.020000	0.020000	0.028284
0.030000	0.020000	0.036056
0.030000	0.020000	0.036056
0.020000	0.020000	0.028284
0.020000	0.020000	0.028284
0.020000	0.020000	0.028284
0.020000	0.020000	0.028284
0.020000	0.010000	0.022361
0.030000	0.040000	0.050000
0.020000	0.020000	0.028284
0.030000	0.030000	0.042426
0.030000	0.020000	0.036056
0.020000	0.020000	0.028284
0.020000	0.020000	0.028284
0.030000	0.030000	0.042426
0.020000	0.020000	0.028284
0.020000	0.020000	0.028284
0.020000	0.030000	0.036056
0.020000	0.020000	0.028284
0.020000	0.020000	0.028284
0.030000	0.030000	0.042426
0.020000	0.020000	0.028284
0.020000	0.020000	0.028284
0.010000	0.030000	0.031623
0.020000	0.020000	0.028284
0.020000	0.020000	0.028284
0.020000	0.040000	0.044721
0.020000	0.020000	0.028284
0.020000	0.030000	0.036056
0.020000	0.020000	0.028284
0.020000	0.020000	0.028284
0.030000	0.030000	0.042426
0.020000	0.020000	0.028284
0.020000	0.020000	0.028284
0.020000	0.020000	0.028284
0.020000	0.020000	0.028284
0.020000	0.020000	0.028284
0.020000	0.020000	0.028284
0.030000	0.020000	0.036056
0.050000	0.090000	0.102956
0.020000	0.020000	0.028284
0.040000	0.050000	0.064031
0.010000	0.010000	0.014142
0.020000	0.020000	0.028284
0.020000	0.020000	0.028284
0.020000	0.020000	0.028284
0.020000	0.020000	0.028284
0.030000	0.040000	0.050000
0.020000	0.020000	0.028284
0.020000	0.020000	0.028284
0.020000	0.020000	0.028284
0.020000	0.020000	0.028284
0.020000	0.020000	0.028284
0.030000	0.030000	0.042426
0.020000	0.030000	0.036056
0.020000	0.020000	0.028284
0.050000	0.060000	0.078102
0.020000	0.020000	0.028284
0.020000	0.020000	0.028284
0.050000	0.040000	0.064031
0.020000	0.030000	0.036056
0.030000	0.030000	0.042426
0.030000	0.030000	0.042426
0.020000	0.020000	0.028284
0.030000	0.040000	0.050000
0.020000	0.020000	0.028284
0.020000	0.020000	0.028284
0.020000	0.020000	0.028284
0.020000	0.030000	0.036056
0.030000	0.020000	0.036056
0.030000	0.020000	0.036056
0.010000	0.020000	0.022361
0.030000	0.010000	0.031623
0.020000	0.020000	0.028284
0.030000	0.030000	0.042426
0.030000	0.020000	0.036056
0.020000	0.020000	0.028284
0.020000	0.030000	0.036056
0.020000	0.020000	0.028284
0.020000	0.020000	0.028284
0.030000	0.040000	0.050000
0.030000	0.020000	0.036056
0.020000	0.020000	0.028284
0.020000	0.030000	0.036056
0.030000	0.020000	0.036056
0.020000	0.020000	0.028284
0.020000	0.010000	0.022361
0.020000	0.020000	0.028284
0.020000	0.010000	0.022361
0.020000	0.020000	0.028284
0.030000	0.050000	0.058310
0.030000	0.020000	0.036056
0.040000	0.010000	0.041231
0.040000	0.020000	0.044721
0.020000	0.020000	0.028284
0.040000	0.040000	0.056569
0.020000	0.020000	0.028284
0.030000	0.020000	0.036056
0.020000	0.010000	0.022361
0.020000	0.020000	0.028284
0.020000	0.020000	0.028284
0.040000	0.070000	0.080623
0.050000	0.050000	0.070711
0.020000	0.020000	0.028284
0.040000	0.030000	0.050000
0.030000	0.020000	0.036056
0.020000	0.020000	0.028284
0.030000	0.020000	0.036056
0.030000	0.020000	0.036056
0.030000	0.030000	0.042426
0.030000	0.020000	0.036056
0.030000	0.030000	0.042426
0.030000	0.040000	0.050000
0.040000	0.050000	0.064031
0.030000	0.020000	0.036056
0.030000	0.020000	0.036056
0.030000	0.040000	0.050000
0.040000	0.040000	0.056569
0.020000	0.020000	0.028284
0.020000	0.020000	0.028284
0.050000	0.070000	0.086023
0.020000	0.030000	0.036056
0.030000	0.030000	0.042426
0.020000	0.020000	0.028284
0.020000	0.020000	0.028284
0.020000	0.020000	0.028284
0.030000	0.020000	0.036056
0.040000	0.020000	0.044721
0.030000	0.030000	0.042426
0.020000	0.020000	0.028284
0.040000	0.040000	0.056569
0.020000	0.020000	0.028284
0.030000	0.020000	0.036056
0.020000	0.020000	0.028284
0.030000	0.020000	0.036056
0.020000	0.020000	0.028284
0.020000	0.020000	0.028284
0.030000	0.030000	0.042426
0.030000	0.030000	0.042426
0.030000	0.030000	0.042426
0.020000	0.020000	0.028284
0.030000	0.040000	0.050000
0.020000	0.020000	0.028284
0.020000	0.020000	0.028284
0.020000	0.020000	0.028284
0.030000	0.020000	0.036056
0.020000	0.020000	0.028284
0.020000	0.010000	0.022361
0.020000	0.020000	0.028284
0.020000	0.020000	0.028284
0.020000	0.020000	0.028284
0.020000	0.020000	0.028284
0.020000	0.020000	0.028284
0.030000	0.050000	0.058310
0.020000	0.030000	0.036056
0.020000	0.020000	0.028284
0.040000	0.070000	0.080623
0.030000	0.040000	0.050000
0.020000	0.010000	0.022361
0.020000	0.020000	0.028284
0.010000	0.010000	0.014142
0.020000	0.020000	0.028284
0.030000	0.050000	0.058310
0.030000	0.050000	0.058310
0.040000	0.050000	0.064031
0.040000	0.060000	0.072111
0.020000	0.020000	0.028284
0.030000	0.050000	0.058310
0.030000	0.040000	0.050000
0.020000	0.020000	0.028284
0.020000	0.020000	0.028284
0.020000	0.020000	0.028284
0.030000	0.040000	0.050000
0.020000	0.020000	0.028284
0.010000	0.020000	0.022361
0.020000	0.020000	0.028284
0.020000	0.020000	0.028284
0.020000	0.030000	0.036056
0.020000	0.030000	0.036056
0.020000	0.030000	0.036056
0.020000	0.020000	0.028284
0.040000	0.060000	0.072111
0.040000	0.060000	0.072111
0.020000	0.020000	0.028284
0.020000	0.010000	0.022361
0.020000	0.020000	0.028284
0.030000	0.040000	0.050000
0.020000	0.020000	0.028284
0.020000	0.030000	0.036056
0.020000	0.020000	0.028284
0.020000	0.020000	0.028284
0.020000	0.020000	0.028284
0.020000	0.020000	0.028284
0.020000	0.020000	0.028284
0.020000	0.010000	0.022361
0.020000	0.020000	0.028284
0.020000	0.030000	0.036056
0.020000	0.020000	0.028284
0.010000	0.010000	0.014142
0.020000	0.020000	0.028284
0.020000	0.010000	0.022361
0.020000	0.030000	0.036056
0.030000	0.020000	0.036056
0.020000	0.010000	0.022361
0.020000	0.020000	0.028284
0.010000	0.020000	0.022361
0.020000	0.020000	0.028284
0.020000	0.010000	0.022361
0.020000	0.020000	0.028284
0.030000	0.020000	0.036056
0.010000	0.020000	0.022361
0.030000	0.050000	0.058310
0.020000	0.020000	0.028284
0.020000	0.020000	0.028284
0.020000	0.020000	0.028284
0.020000	0.020000	0.028284
0.030000	0.050000	0.058310
0.040000	0.060000	0.072111
0.020000	0.020000	0.028284
0.020000	0.020000	0.028284
0.020000	0.020000	0.028284
0.020000	0.020000	0.028284
0.040000	0.050000	0.064031
0.020000	0.030000	0.036056
0.020000	0.030000	0.036056
0.020000	0.020000	0.028284
0.040000	0.050000	0.064031
0.030000	0.040000	0.050000
0.020000	0.030000	0.036056
0.020000	0.020000	0.028284
0.020000	0.020000	0.028284
0.030000	0.040000	0.050000
0.020000	0.020000	0.028284
0.030000	0.020000	0.036056
0.020000	0.010000	0.022361
0.040000	0.060000	0.072111
0.020000	0.020000	0.028284
0.040000	0.080000	0.089443
0.030000	0.030000	0.042426
0.020000	0.020000	0.028284
0.020000	0.010000	0.022361
0.040000	0.010000	0.041231
0.030000	0.040000	0.050000
0.020000	0.020000	0.028284
0.020000	0.030000	0.036056
0.020000	0.010000	0.022361
0.030000	0.040000	0.050000
0.020000	0.020000	0.028284
0.020000	0.020000	0.028284
0.050000	0.100000	0.111803
0.040000	0.050000	0.064031
0.020000	0.020000	0.028284
0.020000	0.020000	0.028284
0.020000	0.020000	0.028284
0.020000	0.010000	0.022361
0.020000	0.020000	0.028284
0.020000	0.020000	0.028284
0.040000	0.060000	0.072111
0.030000	0.030000	0.042426
0.020000	0.030000	0.036056
0.020000	0.020000	0.028284
0.020000	0.020000	0.028284
0.020000	0.030000	0.036056
0.020000	0.020000	0.028284
0.020000	0.010000	0.022361
0.010000	0.010000	0.014142
0.020000	0.020000	0.028284
0.020000	0.020000	0.028284
0.020000	0.020000	0.028284
0.020000	0.020000	0.028284
0.020000	0.020000	0.028284
0.030000	0.050000	0.058310
0.020000	0.020000	0.028284
0.020000	0.030000	0.036056
0.020000	0.020000	0.028284
0.240000	0.040000	0.243311
0.020000	0.020000	0.028284
0.020000	0.020000	0.028284
0.020000	0.020000	0.028284
0.020000	0.020000	0.028284
0.020000	0.030000	0.036056
0.010000	0.020000	0.022361
0.020000	0.040000	0.044721
0.020000	0.020000	0.028284
0.030000	0.050000	0.058310
0.010000	0.010000	0.014142
0.010000	0.020000	0.022361
0.010000	0.020000	0.022361
0.010000	0.010000	0.014142
0.030000	0.020000	0.036056
0.020000	0.020000	0.028284
0.010000	0.020000	0.022361
0.030000	0.040000	0.050000
0.040000	0.050000	0.064031
0.020000	0.020000	0.028284
0.020000	0.020000	0.028284
0.030000	0.010000	0.031623
0.010000	0.020000	0.022361
0.010000	0.020000	0.022361
0.030000	0.040000	0.050000
0.020000	0.020000	0.028284
0.020000	0.020000	0.028284
0.040000	0.060000	0.072111
0.020000	0.020000	0.028284
0.020000	0.030000	0.036056
0.010000	0.020000	0.022361
0.020000	0.020000	0.028284
0.030000	0.020000	0.036056
0.020000	0.020000	0.028284
0.010000	0.020000	0.022361
0.010000	0.020000	0.022361
0.020000	0.020000	0.028284
0.020000	0.020000	0.028284
0.020000	0.020000	0.028284
0.010000	0.020000	0.022361
0.020000	0.020000	0.028284
0.010000	0.020000	0.022361
0.020000	0.020000	0.028284
0.020000	0.020000	0.028284
0.020000	0.020000	0.028284
0.020000	0.020000	0.028284
0.020000	0.020000	0.028284
0.020000	0.020000	0.028284
0.020000	0.030000	0.036056
0.040000	0.070000	0.080623
0.030000	0.040000	0.050000
0.010000	0.020000	0.022361
0.010000	0.010000	0.014142
0.030000	0.040000	0.050000
0.020000	0.010000	0.022361
0.020000	0.020000	0.028284
0.050000	0.100000	0.111803
0.020000	0.020000	0.028284
0.010000	0.010000	0.014142
0.010000	0.020000	0.022361
0.020000	0.030000	0.036056
0.210000	0.030000	0.212132
0.020000	0.020000	0.028284
0.020000	0.010000	0.022361
0.020000	0.010000	0.022361
0.020000	0.020000	0.028284
0.030000	0.020000	0.036056
0.010000	0.010000	0.014142
0.030000	0.060000	0.067082
0.020000	0.020000	0.028284
0.030000	0.020000	0.036056
0.010000	0.020000	0.022361
0.020000	0.020000	0.028284
0.020000	0.030000	0.036056
0.010000	0.010000	0.014142
0.010000	0.010000	0.014142
0.020000	0.020000	0.028284
0.020000	0.020000	0.028284
0.020000	0.020000	0.028284
0.020000	0.020000	0.028284
0.020000	0.020000	0.028284
0.020000	0.030000	0.036056
0.020000	0.030000	0.036056
0.020000	0.020000	0.028284
0.020000	0.020000	0.028284
0.020000	0.020000	0.028284
0.020000	0.010000	0.022361
0.030000	0.000000	0.030000
0.020000	0.020000	0.028284
0.020000	0.020000	0.028284
0.020000	0.010000	0.022361
0.030000	0.050000	0.058310
0.030000	0.050000	0.058310
0.020000	0.020000	0.028284
0.020000	0.020000	0.028284
0.010000	0.010000	0.014142
0.030000	0.030000	0.042426
0.020000	0.020000	0.028284
0.010000	0.010000	0.014142
0.020000	0.020000	0.028284
0.030000	0.040000	0.050000
0.020000	0.020000	0.028284
0.020000	0.020000	0.028284
0.010000	0.010000	0.014142
0.020000	0.020000	0.028284
0.020000	0.010000	0.022361
0.040000	0.050000	0.064031
0.020000	0.020000	0.028284
0.020000	0.020000	0.028284
0.020000	0.020000	0.028284
0.020000	0.020000	0.028284
0.020000	0.020000	0.028284
0.020000	0.020000	0.028284
0.020000	0.020000	0.028284
0.020000	0.020000	0.028284
0.020000	0.020000	0.028284
0.010000	0.010000	0.014142
0.020000	0.020000	0.028284
0.030000	0.040000	0.050000
0.030000	0.050000	0.058310
0.020000	0.030000	0.036056
0.020000	0.020000	0.028284
0.020000	0.020000	0.028284
0.030000	0.050000	0.058310
0.020000	0.040000	0.044721
0.020000	0.030000	0.036056
0.010000	0.010000	0.014142
0.020000	0.020000	0.028284
0.010000	0.020000	0.022361
0.030000	0.080000	0.085440
0.030000	0.030000	0.042426
0.020000	0.010000	0.022361
0.060000	0.120000	0.134164
0.020000	0.020000	0.028284
0.020000	0.010000	0.022361
0.040000	0.030000	0.050000
0.020000	0.010000	0.022361
0.030000	0.050000	0.058310
0.020000	0.030000	0.036056
0.050000	0.080000	0.094340
0.020000	0.020000	0.028284
0.040000	0.060000	0.072111
0.020000	0.030000	0.036056
0.020000	0.020000	0.028284
0.010000	0.020000	0.022361
0.040000	0.040000	0.056569
0.020000	0.020000	0.028284
0.020000	0.020000	0.028284
0.010000	0.020000	0.022361
0.040000	0.050000	0.064031
0.020000	0.020000	0.028284
0.020000	0.020000	0.028284
0.020000	0.020000	0.028284
0.020000	0.010000	0.022361
0.020000	0.030000	0.036056
0.020000	0.010000	0.022361
0.020000	0.020000	0.028284
0.020000	0.020000	0.028284
0.020000	0.020000	0.028284
0.010000	0.010000	0.014142
0.020000	0.010000	0.022361
0.020000	0.020000	0.028284
0.030000	0.040000	0.050000
0.040000	0.040000	0.056569
0.020000	0.020000	0.028284
0.020000	0.020000	0.028284
0.050000	0.090000	0.102956
0.020000	0.030000	0.036056
0.010000	0.020000	0.022361
0.020000	0.020000	0.028284
0.020000	0.020000	0.028284
0.040000	0.060000	0.072111
0.020000	0.020000	0.028284
0.030000	0.030000	0.042426
0.020000	0.020000	0.028284
0.020000	0.020000	0.028284
0.020000	0.020000	0.028284
0.020000	0.020000	0.028284
0.050000	0.080000	0.094340
0.020000	0.020000	0.028284
0.020000	0.020000	0.028284
0.020000	0.020000	0.028284
0.020000	0.020000	0.028284
0.020000	0.030000	0.036056
0.030000	0.020000	0.036056
0.030000	0.050000	0.058310
0.010000	0.020000	0.022361
0.020000	0.020000	0.028284
0.020000	0.030000	0.036056
0.020000	0.020000	0.028284
0.020000	0.020000	0.028284
0.010000	0.010000	0.014142
0.040000	0.060000	0.072111
0.020000	0.020000	0.028284
0.020000	0.020000	0.028284
0.020000	0.030000	0.036056
0.030000	0.040000	0.050000
0.030000	0.040000	0.050000
0.020000	0.010000	0.022361
0.020000	0.030000	0.036056
0.020000	0.020000	0.028284
0.030000	0.040000	0.050000
0.020000	0.020000	0.028284
0.010000	0.020000	0.022361
0.030000	0.030000	0.042426
0.020000	0.030000	0.036056
0.030000	0.030000	0.042426
0.020000	0.010000	0.022361
0.020000	0.010000	0.022361
0.020000	0.020000	0.028284
0.020000	0.010000	0.022361
0.030000	0.040000	0.050000
0.030000	0.040000	0.050000
0.030000	0.020000	0.036056
0.040000	0.060000	0.072111
0.030000	0.050000	0.058310
0.030000	0.040000	0.050000
0.020000	0.020000	0.028284
0.020000	0.010000	0.022361
0.020000	0.020000	0.028284
0.020000	0.030000	0.036056
0.020000	0.020000	0.028284
0.040000	0.060000	0.072111
0.020000	0.010000	0.022361
0.020000	0.010000	0.022361
0.020000	0.020000	0.028284
0.020000	0.020000	0.028284
0.010000	0.000000	0.010000
0.040000	0.060000	0.072111
0.020000	0.020000	0.028284
0.020000	0.020000	0.028284
0.020000	0.020000	0.028284
0.020000	0.010000	0.022361
0.030000	0.050000	0.058310
0.020000	0.020000	0.028284
0.020000	0.040000	0.044721
0.010000	0.020000	0.022361
0.020000	0.010000	0.022361
0.040000	0.020000	0.044721
0.020000	0.010000	0.022361
0.020000	0.020000	0.028284
0.020000	0.020000	0.028284
0.030000	0.050000	0.058310
0.020000	0.020000	0.028284
0.010000	0.020000	0.022361
0.020000	0.030000	0.036056
0.030000	0.050000	0.058310
0.010000	0.010000	0.014142
0.020000	0.010000	0.022361
0.040000	0.050000	0.064031
0.020000	0.010000	0.022361
0.020000	0.020000	0.028284
0.030000	0.040000	0.050000
0.020000	0.020000	0.028284
0.010000	0.010000	0.014142
0.020000	0.020000	0.028284
0.020000	0.010000	0.022361
0.020000	0.030000	0.036056
0.020000	0.020000	0.028284
0.020000	0.020000	0.028284
0.020000	0.020000	0.028284
0.020000	0.010000	0.022361
0.020000	0.020000	0.028284
0.020000	0.030000	0.036056
0.010000	0.010000	0.014142
0.020000	0.020000	0.028284
0.030000	0.020000	0.036056
0.040000	0.050000	0.064031
0.030000	0.050000	0.058310
0.030000	0.040000	0.050000
0.030000	0.030000	0.042426
0.020000	0.020000	0.028284
0.020000	0.010000	0.022361
0.070000	0.100000	0.122066
0.020000	0.020000	0.028284
0.020000	0.020000	0.028284
0.020000	0.010000	0.022361
0.020000	0.020000	0.028284
0.020000	0.020000	0.028284
0.030000	0.040000	0.050000
0.080000	0.100000	0.128062
0.030000	0.040000	0.050000
0.010000	0.010000	0.014142
0.040000	0.020000	0.044721
0.040000	0.060000	0.072111
0.020000	0.020000	0.028284
0.020000	0.020000	0.028284
0.020000	0.020000	0.028284
0.040000	0.020000	0.044721
0.040000	0.050000	0.064031
0.020000	0.010000	0.022361
0.040000	0.070000	0.080623
0.020000	0.010000	0.022361
0.050000	0.070000	0.086023
0.020000	0.020000	0.028284
0.020000	0.020000	0.028284
0.020000	0.020000	0.028284
0.040000	0.050000	0.064031
0.020000	0.020000	0.028284
0.020000	0.020000	0.028284
0.060000	0.080000	0.100000
0.030000	0.030000	0.042426
0.040000	0.060000	0.072111
0.010000	0.020000	0.022361
0.020000	0.030000	0.036056
0.020000	0.020000	0.028284
0.050000	0.080000	0.094340
0.020000	0.020000	0.028284
0.020000	0.020000	0.028284
0.020000	0.020000	0.028284
0.020000	0.030000	0.036056
0.020000	0.010000	0.022361
0.020000	0.020000	0.028284
0.020000	0.020000	0.028284
0.040000	0.060000	0.072111
0.030000	0.030000	0.042426
0.020000	0.020000	0.028284
0.040000	0.030000	0.050000
0.020000	0.020000	0.028284
0.030000	0.040000	0.050000
0.030000	0.040000	0.050000
0.060000	0.090000	0.108167
0.020000	0.020000	0.028284
0.020000	0.030000	0.036056
0.020000	0.020000	0.028284
0.030000	0.040000	0.050000
0.030000	0.030000	0.042426
0.050000	0.080000	0.094340
0.020000	0.020000	0.028284
0.040000	0.070000	0.080623
0.020000	0.020000	0.028284
0.020000	0.010000	0.022361
0.030000	0.030000	0.042426
0.020000	0.010000	0.022361
0.020000	0.020000	0.028284
0.020000	0.030000	0.036056
0.030000	0.030000	0.042426
0.030000	0.030000	0.042426
0.020000	0.020000	0.028284
0.030000	0.040000	0.050000
0.020000	0.020000	0.028284
0.030000	0.020000	0.036056
0.030000	0.020000	0.036056
0.020000	0.010000	0.022361
0.020000	0.020000	0.028284
0.020000	0.020000	0.028284
0.020000	0.020000	0.028284
0.020000	0.020000	0.028284
0.020000	0.020000	0.028284
0.020000	0.020000	0.028284
0.030000	0.020000	0.036056
0.030000	0.030000	0.042426
0.020000	0.020000	0.028284
0.040000	0.040000	0.056569
0.020000	0.020000	0.028284
0.030000	0.020000	0.036056
0.020000	0.020000	0.028284
0.020000	0.020000	0.028284
0.060000	0.080000	0.100000
0.020000	0.020000	0.028284
0.020000	0.020000	0.028284
0.020000	0.030000	0.036056
0.030000	0.030000	0.042426
0.030000	0.030000	0.042426
0.020000	0.020000	0.028284
0.020000	0.020000	0.028284
0.020000	0.020000	0.028284
0.030000	0.040000	0.050000
0.020000	0.020000	0.028284
0.020000	0.030000	0.036056
0.020000	0.030000	0.036056
0.030000	0.030000	0.042426
0.040000	0.050000	0.064031
0.040000	0.040000	0.056569
0.030000	0.030000	0.042426
0.030000	0.030000	0.042426
0.020000	0.020000	0.028284
0.020000	0.030000	0.036056
0.020000	0.020000	0.028284
0.030000	0.030000	0.042426
0.020000	0.010000	0.022361
0.020000	0.010000	0.022361
0.020000	0.020000	0.028284
0.020000	0.020000	0.028284
0.020000	0.030000	0.036056
0.020000	0.020000	0.028284
0.100000	0.170000	0.197231
0.020000	0.020000	0.028284
0.030000	0.040000	0.050000
0.020000	0.020000	0.028284
0.020000	0.030000	0.036056
0.020000	0.020000	0.028284
0.020000	0.020000	0.028284
0.020000	0.020000	0.028284
0.030000	0.040000	0.050000
0.070000	0.090000	0.114018
0.020000	0.020000	0.028284
0.030000	0.040000	0.050000
0.020000	0.020000	0.028284
0.020000	0.020000	0.028284
0.030000	0.040000	0.050000
0.020000	0.020000	0.028284
0.010000	0.020000	0.022361
0.020000	0.010000	0.022361
0.010000	0.010000	0.014142
0.050000	0.060000	0.078102
0.030000	0.040000	0.050000
0.020000	0.020000	0.028284
0.020000	0.020000	0.028284
0.020000	0.020000	0.028284
0.020000	0.020000	0.028284
0.020000	0.020000	0.028284
0.020000	0.020000	0.028284
0.020000	0.030000	0.036056
0.020000	0.020000	0.028284
0.020000	0.030000	0.036056
0.010000	0.010000	0.014142
0.010000	0.020000	0.022361
0.030000	0.030000	0.042426
0.020000	0.030000	0.036056
0.020000	0.020000	0.028284
0.020000	0.020000	0.028284
0.030000	0.040000	0.050000
0.020000	0.020000	0.028284
0.020000	0.020000	0.028284
0.020000	0.020000	0.028284
0.010000	0.020000	0.022361
0.020000	0.020000	0.028284
0.030000	0.040000	0.050000
0.020000	0.020000	0.028284
0.020000	0.030000	0.036056
0.030000	0.030000	0.042426
0.020000	0.020000	0.028284
0.020000	0.030000	0.036056
0.020000	0.020000	0.028284
0.030000	0.040000	0.050000
0.020000	0.030000	0.036056
0.020000	0.020000	0.028284
0.020000	0.020000	0.028284
0.010000	0.010000	0.014142
0.020000	0.010000	0.022361
0.020000	0.020000	0.028284
0.000000	0.010000	0.010000
0.050000	0.070000	0.086023
0.030000	0.040000	0.050000
0.040000	0.050000	0.064031
0.020000	0.020000	0.028284
0.040000	0.060000	0.072111
0.030000	0.040000	0.050000
0.040000	0.050000	0.064031
0.030000	0.030000	0.042426
0.020000	0.010000	0.022361
0.020000	0.010000	0.022361
0.020000	0.020000	0.028284
0.020000	0.020000	0.028284
0.020000	0.030000	0.036056
0.020000	0.030000	0.036056
0.030000	0.020000	0.036056
0.030000	0.030000	0.042426
0.040000	0.030000	0.050000
0.020000	0.030000	0.036056
0.020000	0.020000	0.028284
0.020000	0.020000	0.028284
0.030000	0.040000	0.050000
0.050000	0.070000	0.086023
0.030000	0.030000	0.042426
0.050000	0.060000	0.078102
0.020000	0.020000	0.028284
0.030000	0.020000	0.036056
0.030000	0.040000	0.050000
0.030000	0.030000	0.042426
0.020000	0.020000	0.028284
0.020000	0.030000	0.036056
0.030000	0.020000	0.036056
0.020000	0.020000	0.028284
0.020000	0.030000	0.036056
0.020000	0.020000	0.028284
0.030000	0.030000	0.042426
0.030000	0.050000	0.058310
0.030000	0.040000	0.050000
0.020000	0.030000	0.036056
0.030000	0.040000	0.050000
0.020000	0.020000	0.028284
0.020000	0.030000	0.036056
0.030000	0.040000	0.050000
0.030000	0.020000	0.036056
